blocks_per_grid: 24
threads_per_block: 64
1536 total threads
1088 | Block(1 2 2) =  17 | Thread(0 0 0) =   0
1089 | Block(1 2 2) =  17 | Thread(1 0 0) =   1
1090 | Block(1 2 2) =  17 | Thread(2 0 0) =   2
1091 | Block(1 2 2) =  17 | Thread(3 0 0) =   3
1092 | Block(1 2 2) =  17 | Thread(0 1 0) =   4
1093 | Block(1 2 2) =  17 | Thread(1 1 0) =   5
1094 | Block(1 2 2) =  17 | Thread(2 1 0) =   6
1095 | Block(1 2 2) =  17 | Thread(3 1 0) =   7
1096 | Block(1 2 2) =  17 | Thread(0 2 0) =   8
1097 | Block(1 2 2) =  17 | Thread(1 2 0) =   9
1098 | Block(1 2 2) =  17 | Thread(2 2 0) =  10
1099 | Block(1 2 2) =  17 | Thread(3 2 0) =  11
1100 | Block(1 2 2) =  17 | Thread(0 3 0) =  12
1101 | Block(1 2 2) =  17 | Thread(1 3 0) =  13
1102 | Block(1 2 2) =  17 | Thread(2 3 0) =  14
1103 | Block(1 2 2) =  17 | Thread(3 3 0) =  15
1104 | Block(1 2 2) =  17 | Thread(0 0 1) =  16
1105 | Block(1 2 2) =  17 | Thread(1 0 1) =  17
1106 | Block(1 2 2) =  17 | Thread(2 0 1) =  18
1107 | Block(1 2 2) =  17 | Thread(3 0 1) =  19
1108 | Block(1 2 2) =  17 | Thread(0 1 1) =  20
1109 | Block(1 2 2) =  17 | Thread(1 1 1) =  21
1110 | Block(1 2 2) =  17 | Thread(2 1 1) =  22
1111 | Block(1 2 2) =  17 | Thread(3 1 1) =  23
1112 | Block(1 2 2) =  17 | Thread(0 2 1) =  24
1113 | Block(1 2 2) =  17 | Thread(1 2 1) =  25
1114 | Block(1 2 2) =  17 | Thread(2 2 1) =  26
1115 | Block(1 2 2) =  17 | Thread(3 2 1) =  27
1116 | Block(1 2 2) =  17 | Thread(0 3 1) =  28
1117 | Block(1 2 2) =  17 | Thread(1 3 1) =  29
1118 | Block(1 2 2) =  17 | Thread(2 3 1) =  30
1119 | Block(1 2 2) =  17 | Thread(3 3 1) =  31
1024 | Block(0 2 2) =  16 | Thread(0 0 0) =   0
1025 | Block(0 2 2) =  16 | Thread(1 0 0) =   1
1026 | Block(0 2 2) =  16 | Thread(2 0 0) =   2
1027 | Block(0 2 2) =  16 | Thread(3 0 0) =   3
1028 | Block(0 2 2) =  16 | Thread(0 1 0) =   4
1029 | Block(0 2 2) =  16 | Thread(1 1 0) =   5
1030 | Block(0 2 2) =  16 | Thread(2 1 0) =   6
1031 | Block(0 2 2) =  16 | Thread(3 1 0) =   7
1032 | Block(0 2 2) =  16 | Thread(0 2 0) =   8
1033 | Block(0 2 2) =  16 | Thread(1 2 0) =   9
1034 | Block(0 2 2) =  16 | Thread(2 2 0) =  10
1035 | Block(0 2 2) =  16 | Thread(3 2 0) =  11
1036 | Block(0 2 2) =  16 | Thread(0 3 0) =  12
1037 | Block(0 2 2) =  16 | Thread(1 3 0) =  13
1038 | Block(0 2 2) =  16 | Thread(2 3 0) =  14
1039 | Block(0 2 2) =  16 | Thread(3 3 0) =  15
1040 | Block(0 2 2) =  16 | Thread(0 0 1) =  16
1041 | Block(0 2 2) =  16 | Thread(1 0 1) =  17
1042 | Block(0 2 2) =  16 | Thread(2 0 1) =  18
1043 | Block(0 2 2) =  16 | Thread(3 0 1) =  19
1044 | Block(0 2 2) =  16 | Thread(0 1 1) =  20
1045 | Block(0 2 2) =  16 | Thread(1 1 1) =  21
1046 | Block(0 2 2) =  16 | Thread(2 1 1) =  22
1047 | Block(0 2 2) =  16 | Thread(3 1 1) =  23
1048 | Block(0 2 2) =  16 | Thread(0 2 1) =  24
1049 | Block(0 2 2) =  16 | Thread(1 2 1) =  25
1050 | Block(0 2 2) =  16 | Thread(2 2 1) =  26
1051 | Block(0 2 2) =  16 | Thread(3 2 1) =  27
1052 | Block(0 2 2) =  16 | Thread(0 3 1) =  28
1053 | Block(0 2 2) =  16 | Thread(1 3 1) =  29
1054 | Block(0 2 2) =  16 | Thread(2 3 1) =  30
1055 | Block(0 2 2) =  16 | Thread(3 3 1) =  31
1152 | Block(0 0 3) =  18 | Thread(0 0 0) =   0
1153 | Block(0 0 3) =  18 | Thread(1 0 0) =   1
1154 | Block(0 0 3) =  18 | Thread(2 0 0) =   2
1155 | Block(0 0 3) =  18 | Thread(3 0 0) =   3
1156 | Block(0 0 3) =  18 | Thread(0 1 0) =   4
1157 | Block(0 0 3) =  18 | Thread(1 1 0) =   5
1158 | Block(0 0 3) =  18 | Thread(2 1 0) =   6
1159 | Block(0 0 3) =  18 | Thread(3 1 0) =   7
1160 | Block(0 0 3) =  18 | Thread(0 2 0) =   8
1161 | Block(0 0 3) =  18 | Thread(1 2 0) =   9
1162 | Block(0 0 3) =  18 | Thread(2 2 0) =  10
1163 | Block(0 0 3) =  18 | Thread(3 2 0) =  11
1164 | Block(0 0 3) =  18 | Thread(0 3 0) =  12
1165 | Block(0 0 3) =  18 | Thread(1 3 0) =  13
1166 | Block(0 0 3) =  18 | Thread(2 3 0) =  14
1167 | Block(0 0 3) =  18 | Thread(3 3 0) =  15
1168 | Block(0 0 3) =  18 | Thread(0 0 1) =  16
1169 | Block(0 0 3) =  18 | Thread(1 0 1) =  17
1170 | Block(0 0 3) =  18 | Thread(2 0 1) =  18
1171 | Block(0 0 3) =  18 | Thread(3 0 1) =  19
1172 | Block(0 0 3) =  18 | Thread(0 1 1) =  20
1173 | Block(0 0 3) =  18 | Thread(1 1 1) =  21
1174 | Block(0 0 3) =  18 | Thread(2 1 1) =  22
1175 | Block(0 0 3) =  18 | Thread(3 1 1) =  23
1176 | Block(0 0 3) =  18 | Thread(0 2 1) =  24
1177 | Block(0 0 3) =  18 | Thread(1 2 1) =  25
1178 | Block(0 0 3) =  18 | Thread(2 2 1) =  26
1179 | Block(0 0 3) =  18 | Thread(3 2 1) =  27
1180 | Block(0 0 3) =  18 | Thread(0 3 1) =  28
1181 | Block(0 0 3) =  18 | Thread(1 3 1) =  29
1182 | Block(0 0 3) =  18 | Thread(2 3 1) =  30
1183 | Block(0 0 3) =  18 | Thread(3 3 1) =  31
0640 | Block(0 2 1) =  10 | Thread(0 0 0) =   0
0641 | Block(0 2 1) =  10 | Thread(1 0 0) =   1
0642 | Block(0 2 1) =  10 | Thread(2 0 0) =   2
0643 | Block(0 2 1) =  10 | Thread(3 0 0) =   3
0644 | Block(0 2 1) =  10 | Thread(0 1 0) =   4
0645 | Block(0 2 1) =  10 | Thread(1 1 0) =   5
0646 | Block(0 2 1) =  10 | Thread(2 1 0) =   6
0647 | Block(0 2 1) =  10 | Thread(3 1 0) =   7
0648 | Block(0 2 1) =  10 | Thread(0 2 0) =   8
0649 | Block(0 2 1) =  10 | Thread(1 2 0) =   9
0650 | Block(0 2 1) =  10 | Thread(2 2 0) =  10
0651 | Block(0 2 1) =  10 | Thread(3 2 0) =  11
0652 | Block(0 2 1) =  10 | Thread(0 3 0) =  12
0653 | Block(0 2 1) =  10 | Thread(1 3 0) =  13
0654 | Block(0 2 1) =  10 | Thread(2 3 0) =  14
0655 | Block(0 2 1) =  10 | Thread(3 3 0) =  15
0656 | Block(0 2 1) =  10 | Thread(0 0 1) =  16
0657 | Block(0 2 1) =  10 | Thread(1 0 1) =  17
0658 | Block(0 2 1) =  10 | Thread(2 0 1) =  18
0659 | Block(0 2 1) =  10 | Thread(3 0 1) =  19
0660 | Block(0 2 1) =  10 | Thread(0 1 1) =  20
0661 | Block(0 2 1) =  10 | Thread(1 1 1) =  21
0662 | Block(0 2 1) =  10 | Thread(2 1 1) =  22
0663 | Block(0 2 1) =  10 | Thread(3 1 1) =  23
0664 | Block(0 2 1) =  10 | Thread(0 2 1) =  24
0665 | Block(0 2 1) =  10 | Thread(1 2 1) =  25
0666 | Block(0 2 1) =  10 | Thread(2 2 1) =  26
0667 | Block(0 2 1) =  10 | Thread(3 2 1) =  27
0668 | Block(0 2 1) =  10 | Thread(0 3 1) =  28
0669 | Block(0 2 1) =  10 | Thread(1 3 1) =  29
0670 | Block(0 2 1) =  10 | Thread(2 3 1) =  30
0671 | Block(0 2 1) =  10 | Thread(3 3 1) =  31
0576 | Block(1 1 1) =   9 | Thread(0 0 0) =   0
0577 | Block(1 1 1) =   9 | Thread(1 0 0) =   1
0578 | Block(1 1 1) =   9 | Thread(2 0 0) =   2
0579 | Block(1 1 1) =   9 | Thread(3 0 0) =   3
0580 | Block(1 1 1) =   9 | Thread(0 1 0) =   4
0581 | Block(1 1 1) =   9 | Thread(1 1 0) =   5
0582 | Block(1 1 1) =   9 | Thread(2 1 0) =   6
0583 | Block(1 1 1) =   9 | Thread(3 1 0) =   7
0584 | Block(1 1 1) =   9 | Thread(0 2 0) =   8
0585 | Block(1 1 1) =   9 | Thread(1 2 0) =   9
0586 | Block(1 1 1) =   9 | Thread(2 2 0) =  10
0587 | Block(1 1 1) =   9 | Thread(3 2 0) =  11
0588 | Block(1 1 1) =   9 | Thread(0 3 0) =  12
0589 | Block(1 1 1) =   9 | Thread(1 3 0) =  13
0590 | Block(1 1 1) =   9 | Thread(2 3 0) =  14
0591 | Block(1 1 1) =   9 | Thread(3 3 0) =  15
0592 | Block(1 1 1) =   9 | Thread(0 0 1) =  16
0593 | Block(1 1 1) =   9 | Thread(1 0 1) =  17
0594 | Block(1 1 1) =   9 | Thread(2 0 1) =  18
0595 | Block(1 1 1) =   9 | Thread(3 0 1) =  19
0596 | Block(1 1 1) =   9 | Thread(0 1 1) =  20
0597 | Block(1 1 1) =   9 | Thread(1 1 1) =  21
0598 | Block(1 1 1) =   9 | Thread(2 1 1) =  22
0599 | Block(1 1 1) =   9 | Thread(3 1 1) =  23
0600 | Block(1 1 1) =   9 | Thread(0 2 1) =  24
0601 | Block(1 1 1) =   9 | Thread(1 2 1) =  25
0602 | Block(1 1 1) =   9 | Thread(2 2 1) =  26
0603 | Block(1 1 1) =   9 | Thread(3 2 1) =  27
0604 | Block(1 1 1) =   9 | Thread(0 3 1) =  28
0605 | Block(1 1 1) =   9 | Thread(1 3 1) =  29
0606 | Block(1 1 1) =   9 | Thread(2 3 1) =  30
0607 | Block(1 1 1) =   9 | Thread(3 3 1) =  31
1184 | Block(0 0 3) =  18 | Thread(0 0 2) =  32
1185 | Block(0 0 3) =  18 | Thread(1 0 2) =  33
1186 | Block(0 0 3) =  18 | Thread(2 0 2) =  34
1187 | Block(0 0 3) =  18 | Thread(3 0 2) =  35
1188 | Block(0 0 3) =  18 | Thread(0 1 2) =  36
1189 | Block(0 0 3) =  18 | Thread(1 1 2) =  37
1190 | Block(0 0 3) =  18 | Thread(2 1 2) =  38
1191 | Block(0 0 3) =  18 | Thread(3 1 2) =  39
1192 | Block(0 0 3) =  18 | Thread(0 2 2) =  40
1193 | Block(0 0 3) =  18 | Thread(1 2 2) =  41
1194 | Block(0 0 3) =  18 | Thread(2 2 2) =  42
1195 | Block(0 0 3) =  18 | Thread(3 2 2) =  43
1196 | Block(0 0 3) =  18 | Thread(0 3 2) =  44
1197 | Block(0 0 3) =  18 | Thread(1 3 2) =  45
1198 | Block(0 0 3) =  18 | Thread(2 3 2) =  46
1199 | Block(0 0 3) =  18 | Thread(3 3 2) =  47
1200 | Block(0 0 3) =  18 | Thread(0 0 3) =  48
1201 | Block(0 0 3) =  18 | Thread(1 0 3) =  49
1202 | Block(0 0 3) =  18 | Thread(2 0 3) =  50
1203 | Block(0 0 3) =  18 | Thread(3 0 3) =  51
1204 | Block(0 0 3) =  18 | Thread(0 1 3) =  52
1205 | Block(0 0 3) =  18 | Thread(1 1 3) =  53
1206 | Block(0 0 3) =  18 | Thread(2 1 3) =  54
1207 | Block(0 0 3) =  18 | Thread(3 1 3) =  55
1208 | Block(0 0 3) =  18 | Thread(0 2 3) =  56
1209 | Block(0 0 3) =  18 | Thread(1 2 3) =  57
1210 | Block(0 0 3) =  18 | Thread(2 2 3) =  58
1211 | Block(0 0 3) =  18 | Thread(3 2 3) =  59
1212 | Block(0 0 3) =  18 | Thread(0 3 3) =  60
1213 | Block(0 0 3) =  18 | Thread(1 3 3) =  61
1214 | Block(0 0 3) =  18 | Thread(2 3 3) =  62
1215 | Block(0 0 3) =  18 | Thread(3 3 3) =  63
1120 | Block(1 2 2) =  17 | Thread(0 0 2) =  32
1121 | Block(1 2 2) =  17 | Thread(1 0 2) =  33
1122 | Block(1 2 2) =  17 | Thread(2 0 2) =  34
1123 | Block(1 2 2) =  17 | Thread(3 0 2) =  35
1124 | Block(1 2 2) =  17 | Thread(0 1 2) =  36
1125 | Block(1 2 2) =  17 | Thread(1 1 2) =  37
1126 | Block(1 2 2) =  17 | Thread(2 1 2) =  38
1127 | Block(1 2 2) =  17 | Thread(3 1 2) =  39
1128 | Block(1 2 2) =  17 | Thread(0 2 2) =  40
1129 | Block(1 2 2) =  17 | Thread(1 2 2) =  41
1130 | Block(1 2 2) =  17 | Thread(2 2 2) =  42
1131 | Block(1 2 2) =  17 | Thread(3 2 2) =  43
1132 | Block(1 2 2) =  17 | Thread(0 3 2) =  44
1133 | Block(1 2 2) =  17 | Thread(1 3 2) =  45
1134 | Block(1 2 2) =  17 | Thread(2 3 2) =  46
1135 | Block(1 2 2) =  17 | Thread(3 3 2) =  47
1136 | Block(1 2 2) =  17 | Thread(0 0 3) =  48
1137 | Block(1 2 2) =  17 | Thread(1 0 3) =  49
1138 | Block(1 2 2) =  17 | Thread(2 0 3) =  50
1139 | Block(1 2 2) =  17 | Thread(3 0 3) =  51
1140 | Block(1 2 2) =  17 | Thread(0 1 3) =  52
1141 | Block(1 2 2) =  17 | Thread(1 1 3) =  53
1142 | Block(1 2 2) =  17 | Thread(2 1 3) =  54
1143 | Block(1 2 2) =  17 | Thread(3 1 3) =  55
1144 | Block(1 2 2) =  17 | Thread(0 2 3) =  56
1145 | Block(1 2 2) =  17 | Thread(1 2 3) =  57
1146 | Block(1 2 2) =  17 | Thread(2 2 3) =  58
1147 | Block(1 2 2) =  17 | Thread(3 2 3) =  59
1148 | Block(1 2 2) =  17 | Thread(0 3 3) =  60
1149 | Block(1 2 2) =  17 | Thread(1 3 3) =  61
1150 | Block(1 2 2) =  17 | Thread(2 3 3) =  62
1151 | Block(1 2 2) =  17 | Thread(3 3 3) =  63
1056 | Block(0 2 2) =  16 | Thread(0 0 2) =  32
1057 | Block(0 2 2) =  16 | Thread(1 0 2) =  33
1058 | Block(0 2 2) =  16 | Thread(2 0 2) =  34
1059 | Block(0 2 2) =  16 | Thread(3 0 2) =  35
1060 | Block(0 2 2) =  16 | Thread(0 1 2) =  36
1061 | Block(0 2 2) =  16 | Thread(1 1 2) =  37
1062 | Block(0 2 2) =  16 | Thread(2 1 2) =  38
1063 | Block(0 2 2) =  16 | Thread(3 1 2) =  39
1064 | Block(0 2 2) =  16 | Thread(0 2 2) =  40
1065 | Block(0 2 2) =  16 | Thread(1 2 2) =  41
1066 | Block(0 2 2) =  16 | Thread(2 2 2) =  42
1067 | Block(0 2 2) =  16 | Thread(3 2 2) =  43
1068 | Block(0 2 2) =  16 | Thread(0 3 2) =  44
1069 | Block(0 2 2) =  16 | Thread(1 3 2) =  45
1070 | Block(0 2 2) =  16 | Thread(2 3 2) =  46
1071 | Block(0 2 2) =  16 | Thread(3 3 2) =  47
1072 | Block(0 2 2) =  16 | Thread(0 0 3) =  48
1073 | Block(0 2 2) =  16 | Thread(1 0 3) =  49
1074 | Block(0 2 2) =  16 | Thread(2 0 3) =  50
1075 | Block(0 2 2) =  16 | Thread(3 0 3) =  51
1076 | Block(0 2 2) =  16 | Thread(0 1 3) =  52
1077 | Block(0 2 2) =  16 | Thread(1 1 3) =  53
1078 | Block(0 2 2) =  16 | Thread(2 1 3) =  54
1079 | Block(0 2 2) =  16 | Thread(3 1 3) =  55
1080 | Block(0 2 2) =  16 | Thread(0 2 3) =  56
1081 | Block(0 2 2) =  16 | Thread(1 2 3) =  57
1082 | Block(0 2 2) =  16 | Thread(2 2 3) =  58
1083 | Block(0 2 2) =  16 | Thread(3 2 3) =  59
1084 | Block(0 2 2) =  16 | Thread(0 3 3) =  60
1085 | Block(0 2 2) =  16 | Thread(1 3 3) =  61
1086 | Block(0 2 2) =  16 | Thread(2 3 3) =  62
1087 | Block(0 2 2) =  16 | Thread(3 3 3) =  63
0672 | Block(0 2 1) =  10 | Thread(0 0 2) =  32
0673 | Block(0 2 1) =  10 | Thread(1 0 2) =  33
0674 | Block(0 2 1) =  10 | Thread(2 0 2) =  34
0675 | Block(0 2 1) =  10 | Thread(3 0 2) =  35
0676 | Block(0 2 1) =  10 | Thread(0 1 2) =  36
0677 | Block(0 2 1) =  10 | Thread(1 1 2) =  37
0678 | Block(0 2 1) =  10 | Thread(2 1 2) =  38
0679 | Block(0 2 1) =  10 | Thread(3 1 2) =  39
0680 | Block(0 2 1) =  10 | Thread(0 2 2) =  40
0681 | Block(0 2 1) =  10 | Thread(1 2 2) =  41
0682 | Block(0 2 1) =  10 | Thread(2 2 2) =  42
0683 | Block(0 2 1) =  10 | Thread(3 2 2) =  43
0684 | Block(0 2 1) =  10 | Thread(0 3 2) =  44
0685 | Block(0 2 1) =  10 | Thread(1 3 2) =  45
0686 | Block(0 2 1) =  10 | Thread(2 3 2) =  46
0687 | Block(0 2 1) =  10 | Thread(3 3 2) =  47
0688 | Block(0 2 1) =  10 | Thread(0 0 3) =  48
0689 | Block(0 2 1) =  10 | Thread(1 0 3) =  49
0690 | Block(0 2 1) =  10 | Thread(2 0 3) =  50
0691 | Block(0 2 1) =  10 | Thread(3 0 3) =  51
0692 | Block(0 2 1) =  10 | Thread(0 1 3) =  52
0693 | Block(0 2 1) =  10 | Thread(1 1 3) =  53
0694 | Block(0 2 1) =  10 | Thread(2 1 3) =  54
0695 | Block(0 2 1) =  10 | Thread(3 1 3) =  55
0696 | Block(0 2 1) =  10 | Thread(0 2 3) =  56
0697 | Block(0 2 1) =  10 | Thread(1 2 3) =  57
0698 | Block(0 2 1) =  10 | Thread(2 2 3) =  58
0699 | Block(0 2 1) =  10 | Thread(3 2 3) =  59
0700 | Block(0 2 1) =  10 | Thread(0 3 3) =  60
0701 | Block(0 2 1) =  10 | Thread(1 3 3) =  61
0702 | Block(0 2 1) =  10 | Thread(2 3 3) =  62
0703 | Block(0 2 1) =  10 | Thread(3 3 3) =  63
0608 | Block(1 1 1) =   9 | Thread(0 0 2) =  32
0609 | Block(1 1 1) =   9 | Thread(1 0 2) =  33
0610 | Block(1 1 1) =   9 | Thread(2 0 2) =  34
0611 | Block(1 1 1) =   9 | Thread(3 0 2) =  35
0612 | Block(1 1 1) =   9 | Thread(0 1 2) =  36
0613 | Block(1 1 1) =   9 | Thread(1 1 2) =  37
0614 | Block(1 1 1) =   9 | Thread(2 1 2) =  38
0615 | Block(1 1 1) =   9 | Thread(3 1 2) =  39
0616 | Block(1 1 1) =   9 | Thread(0 2 2) =  40
0617 | Block(1 1 1) =   9 | Thread(1 2 2) =  41
0618 | Block(1 1 1) =   9 | Thread(2 2 2) =  42
0619 | Block(1 1 1) =   9 | Thread(3 2 2) =  43
0620 | Block(1 1 1) =   9 | Thread(0 3 2) =  44
0621 | Block(1 1 1) =   9 | Thread(1 3 2) =  45
0622 | Block(1 1 1) =   9 | Thread(2 3 2) =  46
0623 | Block(1 1 1) =   9 | Thread(3 3 2) =  47
0624 | Block(1 1 1) =   9 | Thread(0 0 3) =  48
0625 | Block(1 1 1) =   9 | Thread(1 0 3) =  49
0626 | Block(1 1 1) =   9 | Thread(2 0 3) =  50
0627 | Block(1 1 1) =   9 | Thread(3 0 3) =  51
0628 | Block(1 1 1) =   9 | Thread(0 1 3) =  52
0629 | Block(1 1 1) =   9 | Thread(1 1 3) =  53
0630 | Block(1 1 1) =   9 | Thread(2 1 3) =  54
0631 | Block(1 1 1) =   9 | Thread(3 1 3) =  55
0632 | Block(1 1 1) =   9 | Thread(0 2 3) =  56
0633 | Block(1 1 1) =   9 | Thread(1 2 3) =  57
0634 | Block(1 1 1) =   9 | Thread(2 2 3) =  58
0635 | Block(1 1 1) =   9 | Thread(3 2 3) =  59
0636 | Block(1 1 1) =   9 | Thread(0 3 3) =  60
0637 | Block(1 1 1) =   9 | Thread(1 3 3) =  61
0638 | Block(1 1 1) =   9 | Thread(2 3 3) =  62
0639 | Block(1 1 1) =   9 | Thread(3 3 3) =  63
0960 | Block(1 1 2) =  15 | Thread(0 0 0) =   0
0961 | Block(1 1 2) =  15 | Thread(1 0 0) =   1
0962 | Block(1 1 2) =  15 | Thread(2 0 0) =   2
0963 | Block(1 1 2) =  15 | Thread(3 0 0) =   3
0964 | Block(1 1 2) =  15 | Thread(0 1 0) =   4
0965 | Block(1 1 2) =  15 | Thread(1 1 0) =   5
0966 | Block(1 1 2) =  15 | Thread(2 1 0) =   6
0967 | Block(1 1 2) =  15 | Thread(3 1 0) =   7
0968 | Block(1 1 2) =  15 | Thread(0 2 0) =   8
0969 | Block(1 1 2) =  15 | Thread(1 2 0) =   9
0970 | Block(1 1 2) =  15 | Thread(2 2 0) =  10
0971 | Block(1 1 2) =  15 | Thread(3 2 0) =  11
0972 | Block(1 1 2) =  15 | Thread(0 3 0) =  12
0973 | Block(1 1 2) =  15 | Thread(1 3 0) =  13
0974 | Block(1 1 2) =  15 | Thread(2 3 0) =  14
0975 | Block(1 1 2) =  15 | Thread(3 3 0) =  15
0976 | Block(1 1 2) =  15 | Thread(0 0 1) =  16
0977 | Block(1 1 2) =  15 | Thread(1 0 1) =  17
0978 | Block(1 1 2) =  15 | Thread(2 0 1) =  18
0979 | Block(1 1 2) =  15 | Thread(3 0 1) =  19
0980 | Block(1 1 2) =  15 | Thread(0 1 1) =  20
0981 | Block(1 1 2) =  15 | Thread(1 1 1) =  21
0982 | Block(1 1 2) =  15 | Thread(2 1 1) =  22
0983 | Block(1 1 2) =  15 | Thread(3 1 1) =  23
0984 | Block(1 1 2) =  15 | Thread(0 2 1) =  24
0985 | Block(1 1 2) =  15 | Thread(1 2 1) =  25
0986 | Block(1 1 2) =  15 | Thread(2 2 1) =  26
0987 | Block(1 1 2) =  15 | Thread(3 2 1) =  27
0988 | Block(1 1 2) =  15 | Thread(0 3 1) =  28
0989 | Block(1 1 2) =  15 | Thread(1 3 1) =  29
0990 | Block(1 1 2) =  15 | Thread(2 3 1) =  30
0991 | Block(1 1 2) =  15 | Thread(3 3 1) =  31
0992 | Block(1 1 2) =  15 | Thread(0 0 2) =  32
0993 | Block(1 1 2) =  15 | Thread(1 0 2) =  33
0994 | Block(1 1 2) =  15 | Thread(2 0 2) =  34
0995 | Block(1 1 2) =  15 | Thread(3 0 2) =  35
0996 | Block(1 1 2) =  15 | Thread(0 1 2) =  36
0997 | Block(1 1 2) =  15 | Thread(1 1 2) =  37
0998 | Block(1 1 2) =  15 | Thread(2 1 2) =  38
0999 | Block(1 1 2) =  15 | Thread(3 1 2) =  39
1000 | Block(1 1 2) =  15 | Thread(0 2 2) =  40
1001 | Block(1 1 2) =  15 | Thread(1 2 2) =  41
1002 | Block(1 1 2) =  15 | Thread(2 2 2) =  42
1003 | Block(1 1 2) =  15 | Thread(3 2 2) =  43
1004 | Block(1 1 2) =  15 | Thread(0 3 2) =  44
1005 | Block(1 1 2) =  15 | Thread(1 3 2) =  45
1006 | Block(1 1 2) =  15 | Thread(2 3 2) =  46
1007 | Block(1 1 2) =  15 | Thread(3 3 2) =  47
1008 | Block(1 1 2) =  15 | Thread(0 0 3) =  48
1009 | Block(1 1 2) =  15 | Thread(1 0 3) =  49
1010 | Block(1 1 2) =  15 | Thread(2 0 3) =  50
1011 | Block(1 1 2) =  15 | Thread(3 0 3) =  51
1012 | Block(1 1 2) =  15 | Thread(0 1 3) =  52
1013 | Block(1 1 2) =  15 | Thread(1 1 3) =  53
1014 | Block(1 1 2) =  15 | Thread(2 1 3) =  54
1015 | Block(1 1 2) =  15 | Thread(3 1 3) =  55
1016 | Block(1 1 2) =  15 | Thread(0 2 3) =  56
1017 | Block(1 1 2) =  15 | Thread(1 2 3) =  57
1018 | Block(1 1 2) =  15 | Thread(2 2 3) =  58
1019 | Block(1 1 2) =  15 | Thread(3 2 3) =  59
1020 | Block(1 1 2) =  15 | Thread(0 3 3) =  60
1021 | Block(1 1 2) =  15 | Thread(1 3 3) =  61
1022 | Block(1 1 2) =  15 | Thread(2 3 3) =  62
1023 | Block(1 1 2) =  15 | Thread(3 3 3) =  63
1472 | Block(1 2 3) =  23 | Thread(0 0 0) =   0
1473 | Block(1 2 3) =  23 | Thread(1 0 0) =   1
1474 | Block(1 2 3) =  23 | Thread(2 0 0) =   2
1475 | Block(1 2 3) =  23 | Thread(3 0 0) =   3
1476 | Block(1 2 3) =  23 | Thread(0 1 0) =   4
1477 | Block(1 2 3) =  23 | Thread(1 1 0) =   5
1478 | Block(1 2 3) =  23 | Thread(2 1 0) =   6
1479 | Block(1 2 3) =  23 | Thread(3 1 0) =   7
1480 | Block(1 2 3) =  23 | Thread(0 2 0) =   8
1481 | Block(1 2 3) =  23 | Thread(1 2 0) =   9
1482 | Block(1 2 3) =  23 | Thread(2 2 0) =  10
1483 | Block(1 2 3) =  23 | Thread(3 2 0) =  11
1484 | Block(1 2 3) =  23 | Thread(0 3 0) =  12
1485 | Block(1 2 3) =  23 | Thread(1 3 0) =  13
1486 | Block(1 2 3) =  23 | Thread(2 3 0) =  14
1487 | Block(1 2 3) =  23 | Thread(3 3 0) =  15
1488 | Block(1 2 3) =  23 | Thread(0 0 1) =  16
1489 | Block(1 2 3) =  23 | Thread(1 0 1) =  17
1490 | Block(1 2 3) =  23 | Thread(2 0 1) =  18
1491 | Block(1 2 3) =  23 | Thread(3 0 1) =  19
1492 | Block(1 2 3) =  23 | Thread(0 1 1) =  20
1493 | Block(1 2 3) =  23 | Thread(1 1 1) =  21
1494 | Block(1 2 3) =  23 | Thread(2 1 1) =  22
1495 | Block(1 2 3) =  23 | Thread(3 1 1) =  23
1496 | Block(1 2 3) =  23 | Thread(0 2 1) =  24
1497 | Block(1 2 3) =  23 | Thread(1 2 1) =  25
1498 | Block(1 2 3) =  23 | Thread(2 2 1) =  26
1499 | Block(1 2 3) =  23 | Thread(3 2 1) =  27
1500 | Block(1 2 3) =  23 | Thread(0 3 1) =  28
1501 | Block(1 2 3) =  23 | Thread(1 3 1) =  29
1502 | Block(1 2 3) =  23 | Thread(2 3 1) =  30
1503 | Block(1 2 3) =  23 | Thread(3 3 1) =  31
1504 | Block(1 2 3) =  23 | Thread(0 0 2) =  32
1505 | Block(1 2 3) =  23 | Thread(1 0 2) =  33
1506 | Block(1 2 3) =  23 | Thread(2 0 2) =  34
1507 | Block(1 2 3) =  23 | Thread(3 0 2) =  35
1508 | Block(1 2 3) =  23 | Thread(0 1 2) =  36
1509 | Block(1 2 3) =  23 | Thread(1 1 2) =  37
1510 | Block(1 2 3) =  23 | Thread(2 1 2) =  38
1511 | Block(1 2 3) =  23 | Thread(3 1 2) =  39
1512 | Block(1 2 3) =  23 | Thread(0 2 2) =  40
1513 | Block(1 2 3) =  23 | Thread(1 2 2) =  41
1514 | Block(1 2 3) =  23 | Thread(2 2 2) =  42
1515 | Block(1 2 3) =  23 | Thread(3 2 2) =  43
1516 | Block(1 2 3) =  23 | Thread(0 3 2) =  44
1517 | Block(1 2 3) =  23 | Thread(1 3 2) =  45
1518 | Block(1 2 3) =  23 | Thread(2 3 2) =  46
1519 | Block(1 2 3) =  23 | Thread(3 3 2) =  47
1520 | Block(1 2 3) =  23 | Thread(0 0 3) =  48
1521 | Block(1 2 3) =  23 | Thread(1 0 3) =  49
1522 | Block(1 2 3) =  23 | Thread(2 0 3) =  50
1523 | Block(1 2 3) =  23 | Thread(3 0 3) =  51
1524 | Block(1 2 3) =  23 | Thread(0 1 3) =  52
1525 | Block(1 2 3) =  23 | Thread(1 1 3) =  53
1526 | Block(1 2 3) =  23 | Thread(2 1 3) =  54
1527 | Block(1 2 3) =  23 | Thread(3 1 3) =  55
1528 | Block(1 2 3) =  23 | Thread(0 2 3) =  56
1529 | Block(1 2 3) =  23 | Thread(1 2 3) =  57
1530 | Block(1 2 3) =  23 | Thread(2 2 3) =  58
1531 | Block(1 2 3) =  23 | Thread(3 2 3) =  59
1532 | Block(1 2 3) =  23 | Thread(0 3 3) =  60
1533 | Block(1 2 3) =  23 | Thread(1 3 3) =  61
1534 | Block(1 2 3) =  23 | Thread(2 3 3) =  62
1535 | Block(1 2 3) =  23 | Thread(3 3 3) =  63
0896 | Block(0 1 2) =  14 | Thread(0 0 0) =   0
0897 | Block(0 1 2) =  14 | Thread(1 0 0) =   1
0898 | Block(0 1 2) =  14 | Thread(2 0 0) =   2
0899 | Block(0 1 2) =  14 | Thread(3 0 0) =   3
0900 | Block(0 1 2) =  14 | Thread(0 1 0) =   4
0901 | Block(0 1 2) =  14 | Thread(1 1 0) =   5
0902 | Block(0 1 2) =  14 | Thread(2 1 0) =   6
0903 | Block(0 1 2) =  14 | Thread(3 1 0) =   7
0904 | Block(0 1 2) =  14 | Thread(0 2 0) =   8
0905 | Block(0 1 2) =  14 | Thread(1 2 0) =   9
0906 | Block(0 1 2) =  14 | Thread(2 2 0) =  10
0907 | Block(0 1 2) =  14 | Thread(3 2 0) =  11
0908 | Block(0 1 2) =  14 | Thread(0 3 0) =  12
0909 | Block(0 1 2) =  14 | Thread(1 3 0) =  13
0910 | Block(0 1 2) =  14 | Thread(2 3 0) =  14
0911 | Block(0 1 2) =  14 | Thread(3 3 0) =  15
0912 | Block(0 1 2) =  14 | Thread(0 0 1) =  16
0913 | Block(0 1 2) =  14 | Thread(1 0 1) =  17
0914 | Block(0 1 2) =  14 | Thread(2 0 1) =  18
0915 | Block(0 1 2) =  14 | Thread(3 0 1) =  19
0916 | Block(0 1 2) =  14 | Thread(0 1 1) =  20
0917 | Block(0 1 2) =  14 | Thread(1 1 1) =  21
0918 | Block(0 1 2) =  14 | Thread(2 1 1) =  22
0919 | Block(0 1 2) =  14 | Thread(3 1 1) =  23
0920 | Block(0 1 2) =  14 | Thread(0 2 1) =  24
0921 | Block(0 1 2) =  14 | Thread(1 2 1) =  25
0922 | Block(0 1 2) =  14 | Thread(2 2 1) =  26
0923 | Block(0 1 2) =  14 | Thread(3 2 1) =  27
0924 | Block(0 1 2) =  14 | Thread(0 3 1) =  28
0925 | Block(0 1 2) =  14 | Thread(1 3 1) =  29
0926 | Block(0 1 2) =  14 | Thread(2 3 1) =  30
0927 | Block(0 1 2) =  14 | Thread(3 3 1) =  31
0928 | Block(0 1 2) =  14 | Thread(0 0 2) =  32
0929 | Block(0 1 2) =  14 | Thread(1 0 2) =  33
0930 | Block(0 1 2) =  14 | Thread(2 0 2) =  34
0931 | Block(0 1 2) =  14 | Thread(3 0 2) =  35
0932 | Block(0 1 2) =  14 | Thread(0 1 2) =  36
0933 | Block(0 1 2) =  14 | Thread(1 1 2) =  37
0934 | Block(0 1 2) =  14 | Thread(2 1 2) =  38
0935 | Block(0 1 2) =  14 | Thread(3 1 2) =  39
0936 | Block(0 1 2) =  14 | Thread(0 2 2) =  40
0937 | Block(0 1 2) =  14 | Thread(1 2 2) =  41
0938 | Block(0 1 2) =  14 | Thread(2 2 2) =  42
0939 | Block(0 1 2) =  14 | Thread(3 2 2) =  43
0940 | Block(0 1 2) =  14 | Thread(0 3 2) =  44
0941 | Block(0 1 2) =  14 | Thread(1 3 2) =  45
0942 | Block(0 1 2) =  14 | Thread(2 3 2) =  46
0943 | Block(0 1 2) =  14 | Thread(3 3 2) =  47
0944 | Block(0 1 2) =  14 | Thread(0 0 3) =  48
0945 | Block(0 1 2) =  14 | Thread(1 0 3) =  49
0946 | Block(0 1 2) =  14 | Thread(2 0 3) =  50
0947 | Block(0 1 2) =  14 | Thread(3 0 3) =  51
0948 | Block(0 1 2) =  14 | Thread(0 1 3) =  52
0949 | Block(0 1 2) =  14 | Thread(1 1 3) =  53
0950 | Block(0 1 2) =  14 | Thread(2 1 3) =  54
0951 | Block(0 1 2) =  14 | Thread(3 1 3) =  55
0952 | Block(0 1 2) =  14 | Thread(0 2 3) =  56
0953 | Block(0 1 2) =  14 | Thread(1 2 3) =  57
0954 | Block(0 1 2) =  14 | Thread(2 2 3) =  58
0955 | Block(0 1 2) =  14 | Thread(3 2 3) =  59
0956 | Block(0 1 2) =  14 | Thread(0 3 3) =  60
0957 | Block(0 1 2) =  14 | Thread(1 3 3) =  61
0958 | Block(0 1 2) =  14 | Thread(2 3 3) =  62
0959 | Block(0 1 2) =  14 | Thread(3 3 3) =  63
0704 | Block(1 2 1) =  11 | Thread(0 0 0) =   0
0705 | Block(1 2 1) =  11 | Thread(1 0 0) =   1
0706 | Block(1 2 1) =  11 | Thread(2 0 0) =   2
0707 | Block(1 2 1) =  11 | Thread(3 0 0) =   3
0708 | Block(1 2 1) =  11 | Thread(0 1 0) =   4
0709 | Block(1 2 1) =  11 | Thread(1 1 0) =   5
0710 | Block(1 2 1) =  11 | Thread(2 1 0) =   6
0711 | Block(1 2 1) =  11 | Thread(3 1 0) =   7
0712 | Block(1 2 1) =  11 | Thread(0 2 0) =   8
0713 | Block(1 2 1) =  11 | Thread(1 2 0) =   9
0714 | Block(1 2 1) =  11 | Thread(2 2 0) =  10
0715 | Block(1 2 1) =  11 | Thread(3 2 0) =  11
0716 | Block(1 2 1) =  11 | Thread(0 3 0) =  12
0717 | Block(1 2 1) =  11 | Thread(1 3 0) =  13
0718 | Block(1 2 1) =  11 | Thread(2 3 0) =  14
0719 | Block(1 2 1) =  11 | Thread(3 3 0) =  15
0720 | Block(1 2 1) =  11 | Thread(0 0 1) =  16
0721 | Block(1 2 1) =  11 | Thread(1 0 1) =  17
0722 | Block(1 2 1) =  11 | Thread(2 0 1) =  18
0723 | Block(1 2 1) =  11 | Thread(3 0 1) =  19
0724 | Block(1 2 1) =  11 | Thread(0 1 1) =  20
0725 | Block(1 2 1) =  11 | Thread(1 1 1) =  21
0726 | Block(1 2 1) =  11 | Thread(2 1 1) =  22
0727 | Block(1 2 1) =  11 | Thread(3 1 1) =  23
0728 | Block(1 2 1) =  11 | Thread(0 2 1) =  24
0729 | Block(1 2 1) =  11 | Thread(1 2 1) =  25
0730 | Block(1 2 1) =  11 | Thread(2 2 1) =  26
0731 | Block(1 2 1) =  11 | Thread(3 2 1) =  27
0732 | Block(1 2 1) =  11 | Thread(0 3 1) =  28
0733 | Block(1 2 1) =  11 | Thread(1 3 1) =  29
0734 | Block(1 2 1) =  11 | Thread(2 3 1) =  30
0735 | Block(1 2 1) =  11 | Thread(3 3 1) =  31
0736 | Block(1 2 1) =  11 | Thread(0 0 2) =  32
0737 | Block(1 2 1) =  11 | Thread(1 0 2) =  33
0738 | Block(1 2 1) =  11 | Thread(2 0 2) =  34
0739 | Block(1 2 1) =  11 | Thread(3 0 2) =  35
0740 | Block(1 2 1) =  11 | Thread(0 1 2) =  36
0741 | Block(1 2 1) =  11 | Thread(1 1 2) =  37
0742 | Block(1 2 1) =  11 | Thread(2 1 2) =  38
0743 | Block(1 2 1) =  11 | Thread(3 1 2) =  39
0744 | Block(1 2 1) =  11 | Thread(0 2 2) =  40
0745 | Block(1 2 1) =  11 | Thread(1 2 2) =  41
0746 | Block(1 2 1) =  11 | Thread(2 2 2) =  42
0747 | Block(1 2 1) =  11 | Thread(3 2 2) =  43
0748 | Block(1 2 1) =  11 | Thread(0 3 2) =  44
0749 | Block(1 2 1) =  11 | Thread(1 3 2) =  45
0750 | Block(1 2 1) =  11 | Thread(2 3 2) =  46
0751 | Block(1 2 1) =  11 | Thread(3 3 2) =  47
0752 | Block(1 2 1) =  11 | Thread(0 0 3) =  48
0753 | Block(1 2 1) =  11 | Thread(1 0 3) =  49
0754 | Block(1 2 1) =  11 | Thread(2 0 3) =  50
0755 | Block(1 2 1) =  11 | Thread(3 0 3) =  51
0756 | Block(1 2 1) =  11 | Thread(0 1 3) =  52
0757 | Block(1 2 1) =  11 | Thread(1 1 3) =  53
0758 | Block(1 2 1) =  11 | Thread(2 1 3) =  54
0759 | Block(1 2 1) =  11 | Thread(3 1 3) =  55
0760 | Block(1 2 1) =  11 | Thread(0 2 3) =  56
0761 | Block(1 2 1) =  11 | Thread(1 2 3) =  57
0762 | Block(1 2 1) =  11 | Thread(2 2 3) =  58
0763 | Block(1 2 1) =  11 | Thread(3 2 3) =  59
0764 | Block(1 2 1) =  11 | Thread(0 3 3) =  60
0765 | Block(1 2 1) =  11 | Thread(1 3 3) =  61
0766 | Block(1 2 1) =  11 | Thread(2 3 3) =  62
0767 | Block(1 2 1) =  11 | Thread(3 3 3) =  63
0512 | Block(0 1 1) =   8 | Thread(0 0 0) =   0
0513 | Block(0 1 1) =   8 | Thread(1 0 0) =   1
0514 | Block(0 1 1) =   8 | Thread(2 0 0) =   2
0515 | Block(0 1 1) =   8 | Thread(3 0 0) =   3
0516 | Block(0 1 1) =   8 | Thread(0 1 0) =   4
0517 | Block(0 1 1) =   8 | Thread(1 1 0) =   5
0518 | Block(0 1 1) =   8 | Thread(2 1 0) =   6
0519 | Block(0 1 1) =   8 | Thread(3 1 0) =   7
0520 | Block(0 1 1) =   8 | Thread(0 2 0) =   8
0521 | Block(0 1 1) =   8 | Thread(1 2 0) =   9
0522 | Block(0 1 1) =   8 | Thread(2 2 0) =  10
0523 | Block(0 1 1) =   8 | Thread(3 2 0) =  11
0524 | Block(0 1 1) =   8 | Thread(0 3 0) =  12
0525 | Block(0 1 1) =   8 | Thread(1 3 0) =  13
0526 | Block(0 1 1) =   8 | Thread(2 3 0) =  14
0527 | Block(0 1 1) =   8 | Thread(3 3 0) =  15
0528 | Block(0 1 1) =   8 | Thread(0 0 1) =  16
0529 | Block(0 1 1) =   8 | Thread(1 0 1) =  17
0530 | Block(0 1 1) =   8 | Thread(2 0 1) =  18
0531 | Block(0 1 1) =   8 | Thread(3 0 1) =  19
0532 | Block(0 1 1) =   8 | Thread(0 1 1) =  20
0533 | Block(0 1 1) =   8 | Thread(1 1 1) =  21
0534 | Block(0 1 1) =   8 | Thread(2 1 1) =  22
0535 | Block(0 1 1) =   8 | Thread(3 1 1) =  23
0536 | Block(0 1 1) =   8 | Thread(0 2 1) =  24
0537 | Block(0 1 1) =   8 | Thread(1 2 1) =  25
0538 | Block(0 1 1) =   8 | Thread(2 2 1) =  26
0539 | Block(0 1 1) =   8 | Thread(3 2 1) =  27
0540 | Block(0 1 1) =   8 | Thread(0 3 1) =  28
0541 | Block(0 1 1) =   8 | Thread(1 3 1) =  29
0542 | Block(0 1 1) =   8 | Thread(2 3 1) =  30
0543 | Block(0 1 1) =   8 | Thread(3 3 1) =  31
0544 | Block(0 1 1) =   8 | Thread(0 0 2) =  32
0545 | Block(0 1 1) =   8 | Thread(1 0 2) =  33
0546 | Block(0 1 1) =   8 | Thread(2 0 2) =  34
0547 | Block(0 1 1) =   8 | Thread(3 0 2) =  35
0548 | Block(0 1 1) =   8 | Thread(0 1 2) =  36
0549 | Block(0 1 1) =   8 | Thread(1 1 2) =  37
0550 | Block(0 1 1) =   8 | Thread(2 1 2) =  38
0551 | Block(0 1 1) =   8 | Thread(3 1 2) =  39
0552 | Block(0 1 1) =   8 | Thread(0 2 2) =  40
0553 | Block(0 1 1) =   8 | Thread(1 2 2) =  41
0554 | Block(0 1 1) =   8 | Thread(2 2 2) =  42
0555 | Block(0 1 1) =   8 | Thread(3 2 2) =  43
0556 | Block(0 1 1) =   8 | Thread(0 3 2) =  44
0557 | Block(0 1 1) =   8 | Thread(1 3 2) =  45
0558 | Block(0 1 1) =   8 | Thread(2 3 2) =  46
0559 | Block(0 1 1) =   8 | Thread(3 3 2) =  47
0560 | Block(0 1 1) =   8 | Thread(0 0 3) =  48
0561 | Block(0 1 1) =   8 | Thread(1 0 3) =  49
0562 | Block(0 1 1) =   8 | Thread(2 0 3) =  50
0563 | Block(0 1 1) =   8 | Thread(3 0 3) =  51
0564 | Block(0 1 1) =   8 | Thread(0 1 3) =  52
0565 | Block(0 1 1) =   8 | Thread(1 1 3) =  53
0566 | Block(0 1 1) =   8 | Thread(2 1 3) =  54
0567 | Block(0 1 1) =   8 | Thread(3 1 3) =  55
0568 | Block(0 1 1) =   8 | Thread(0 2 3) =  56
0569 | Block(0 1 1) =   8 | Thread(1 2 3) =  57
0570 | Block(0 1 1) =   8 | Thread(2 2 3) =  58
0571 | Block(0 1 1) =   8 | Thread(3 2 3) =  59
0572 | Block(0 1 1) =   8 | Thread(0 3 3) =  60
0573 | Block(0 1 1) =   8 | Thread(1 3 3) =  61
0574 | Block(0 1 1) =   8 | Thread(2 3 3) =  62
0575 | Block(0 1 1) =   8 | Thread(3 3 3) =  63
0128 | Block(0 1 0) =   2 | Thread(0 0 0) =   0
0129 | Block(0 1 0) =   2 | Thread(1 0 0) =   1
0130 | Block(0 1 0) =   2 | Thread(2 0 0) =   2
0131 | Block(0 1 0) =   2 | Thread(3 0 0) =   3
0132 | Block(0 1 0) =   2 | Thread(0 1 0) =   4
0133 | Block(0 1 0) =   2 | Thread(1 1 0) =   5
0134 | Block(0 1 0) =   2 | Thread(2 1 0) =   6
0135 | Block(0 1 0) =   2 | Thread(3 1 0) =   7
0136 | Block(0 1 0) =   2 | Thread(0 2 0) =   8
0137 | Block(0 1 0) =   2 | Thread(1 2 0) =   9
0138 | Block(0 1 0) =   2 | Thread(2 2 0) =  10
0139 | Block(0 1 0) =   2 | Thread(3 2 0) =  11
0140 | Block(0 1 0) =   2 | Thread(0 3 0) =  12
0141 | Block(0 1 0) =   2 | Thread(1 3 0) =  13
0142 | Block(0 1 0) =   2 | Thread(2 3 0) =  14
0143 | Block(0 1 0) =   2 | Thread(3 3 0) =  15
0144 | Block(0 1 0) =   2 | Thread(0 0 1) =  16
0145 | Block(0 1 0) =   2 | Thread(1 0 1) =  17
0146 | Block(0 1 0) =   2 | Thread(2 0 1) =  18
0147 | Block(0 1 0) =   2 | Thread(3 0 1) =  19
0148 | Block(0 1 0) =   2 | Thread(0 1 1) =  20
0149 | Block(0 1 0) =   2 | Thread(1 1 1) =  21
0150 | Block(0 1 0) =   2 | Thread(2 1 1) =  22
0151 | Block(0 1 0) =   2 | Thread(3 1 1) =  23
0152 | Block(0 1 0) =   2 | Thread(0 2 1) =  24
0153 | Block(0 1 0) =   2 | Thread(1 2 1) =  25
0154 | Block(0 1 0) =   2 | Thread(2 2 1) =  26
0155 | Block(0 1 0) =   2 | Thread(3 2 1) =  27
0156 | Block(0 1 0) =   2 | Thread(0 3 1) =  28
0157 | Block(0 1 0) =   2 | Thread(1 3 1) =  29
0158 | Block(0 1 0) =   2 | Thread(2 3 1) =  30
0159 | Block(0 1 0) =   2 | Thread(3 3 1) =  31
0160 | Block(0 1 0) =   2 | Thread(0 0 2) =  32
0161 | Block(0 1 0) =   2 | Thread(1 0 2) =  33
0162 | Block(0 1 0) =   2 | Thread(2 0 2) =  34
0163 | Block(0 1 0) =   2 | Thread(3 0 2) =  35
0164 | Block(0 1 0) =   2 | Thread(0 1 2) =  36
0165 | Block(0 1 0) =   2 | Thread(1 1 2) =  37
0166 | Block(0 1 0) =   2 | Thread(2 1 2) =  38
0167 | Block(0 1 0) =   2 | Thread(3 1 2) =  39
0168 | Block(0 1 0) =   2 | Thread(0 2 2) =  40
0169 | Block(0 1 0) =   2 | Thread(1 2 2) =  41
0170 | Block(0 1 0) =   2 | Thread(2 2 2) =  42
0171 | Block(0 1 0) =   2 | Thread(3 2 2) =  43
0172 | Block(0 1 0) =   2 | Thread(0 3 2) =  44
0173 | Block(0 1 0) =   2 | Thread(1 3 2) =  45
0174 | Block(0 1 0) =   2 | Thread(2 3 2) =  46
0175 | Block(0 1 0) =   2 | Thread(3 3 2) =  47
0176 | Block(0 1 0) =   2 | Thread(0 0 3) =  48
0177 | Block(0 1 0) =   2 | Thread(1 0 3) =  49
0178 | Block(0 1 0) =   2 | Thread(2 0 3) =  50
0179 | Block(0 1 0) =   2 | Thread(3 0 3) =  51
0180 | Block(0 1 0) =   2 | Thread(0 1 3) =  52
0181 | Block(0 1 0) =   2 | Thread(1 1 3) =  53
0182 | Block(0 1 0) =   2 | Thread(2 1 3) =  54
0183 | Block(0 1 0) =   2 | Thread(3 1 3) =  55
0184 | Block(0 1 0) =   2 | Thread(0 2 3) =  56
0185 | Block(0 1 0) =   2 | Thread(1 2 3) =  57
0186 | Block(0 1 0) =   2 | Thread(2 2 3) =  58
0187 | Block(0 1 0) =   2 | Thread(3 2 3) =  59
0188 | Block(0 1 0) =   2 | Thread(0 3 3) =  60
0189 | Block(0 1 0) =   2 | Thread(1 3 3) =  61
0190 | Block(0 1 0) =   2 | Thread(2 3 3) =  62
0191 | Block(0 1 0) =   2 | Thread(3 3 3) =  63
0448 | Block(1 0 1) =   7 | Thread(0 0 0) =   0
0449 | Block(1 0 1) =   7 | Thread(1 0 0) =   1
0450 | Block(1 0 1) =   7 | Thread(2 0 0) =   2
0451 | Block(1 0 1) =   7 | Thread(3 0 0) =   3
0452 | Block(1 0 1) =   7 | Thread(0 1 0) =   4
0453 | Block(1 0 1) =   7 | Thread(1 1 0) =   5
0454 | Block(1 0 1) =   7 | Thread(2 1 0) =   6
0455 | Block(1 0 1) =   7 | Thread(3 1 0) =   7
0456 | Block(1 0 1) =   7 | Thread(0 2 0) =   8
0457 | Block(1 0 1) =   7 | Thread(1 2 0) =   9
0458 | Block(1 0 1) =   7 | Thread(2 2 0) =  10
0459 | Block(1 0 1) =   7 | Thread(3 2 0) =  11
0460 | Block(1 0 1) =   7 | Thread(0 3 0) =  12
0461 | Block(1 0 1) =   7 | Thread(1 3 0) =  13
0462 | Block(1 0 1) =   7 | Thread(2 3 0) =  14
0463 | Block(1 0 1) =   7 | Thread(3 3 0) =  15
0464 | Block(1 0 1) =   7 | Thread(0 0 1) =  16
0465 | Block(1 0 1) =   7 | Thread(1 0 1) =  17
0466 | Block(1 0 1) =   7 | Thread(2 0 1) =  18
0467 | Block(1 0 1) =   7 | Thread(3 0 1) =  19
0468 | Block(1 0 1) =   7 | Thread(0 1 1) =  20
0469 | Block(1 0 1) =   7 | Thread(1 1 1) =  21
0470 | Block(1 0 1) =   7 | Thread(2 1 1) =  22
0471 | Block(1 0 1) =   7 | Thread(3 1 1) =  23
0472 | Block(1 0 1) =   7 | Thread(0 2 1) =  24
0473 | Block(1 0 1) =   7 | Thread(1 2 1) =  25
0474 | Block(1 0 1) =   7 | Thread(2 2 1) =  26
0475 | Block(1 0 1) =   7 | Thread(3 2 1) =  27
0476 | Block(1 0 1) =   7 | Thread(0 3 1) =  28
0477 | Block(1 0 1) =   7 | Thread(1 3 1) =  29
0478 | Block(1 0 1) =   7 | Thread(2 3 1) =  30
0479 | Block(1 0 1) =   7 | Thread(3 3 1) =  31
1216 | Block(1 0 3) =  19 | Thread(0 0 0) =   0
1217 | Block(1 0 3) =  19 | Thread(1 0 0) =   1
1218 | Block(1 0 3) =  19 | Thread(2 0 0) =   2
1219 | Block(1 0 3) =  19 | Thread(3 0 0) =   3
1220 | Block(1 0 3) =  19 | Thread(0 1 0) =   4
1221 | Block(1 0 3) =  19 | Thread(1 1 0) =   5
1222 | Block(1 0 3) =  19 | Thread(2 1 0) =   6
1223 | Block(1 0 3) =  19 | Thread(3 1 0) =   7
1224 | Block(1 0 3) =  19 | Thread(0 2 0) =   8
1225 | Block(1 0 3) =  19 | Thread(1 2 0) =   9
1226 | Block(1 0 3) =  19 | Thread(2 2 0) =  10
1227 | Block(1 0 3) =  19 | Thread(3 2 0) =  11
1228 | Block(1 0 3) =  19 | Thread(0 3 0) =  12
1229 | Block(1 0 3) =  19 | Thread(1 3 0) =  13
1230 | Block(1 0 3) =  19 | Thread(2 3 0) =  14
1231 | Block(1 0 3) =  19 | Thread(3 3 0) =  15
1232 | Block(1 0 3) =  19 | Thread(0 0 1) =  16
1233 | Block(1 0 3) =  19 | Thread(1 0 1) =  17
1234 | Block(1 0 3) =  19 | Thread(2 0 1) =  18
1235 | Block(1 0 3) =  19 | Thread(3 0 1) =  19
1236 | Block(1 0 3) =  19 | Thread(0 1 1) =  20
1237 | Block(1 0 3) =  19 | Thread(1 1 1) =  21
1238 | Block(1 0 3) =  19 | Thread(2 1 1) =  22
1239 | Block(1 0 3) =  19 | Thread(3 1 1) =  23
1240 | Block(1 0 3) =  19 | Thread(0 2 1) =  24
1241 | Block(1 0 3) =  19 | Thread(1 2 1) =  25
1242 | Block(1 0 3) =  19 | Thread(2 2 1) =  26
1243 | Block(1 0 3) =  19 | Thread(3 2 1) =  27
1244 | Block(1 0 3) =  19 | Thread(0 3 1) =  28
1245 | Block(1 0 3) =  19 | Thread(1 3 1) =  29
1246 | Block(1 0 3) =  19 | Thread(2 3 1) =  30
1247 | Block(1 0 3) =  19 | Thread(3 3 1) =  31
0480 | Block(1 0 1) =   7 | Thread(0 0 2) =  32
0481 | Block(1 0 1) =   7 | Thread(1 0 2) =  33
0482 | Block(1 0 1) =   7 | Thread(2 0 2) =  34
0483 | Block(1 0 1) =   7 | Thread(3 0 2) =  35
0484 | Block(1 0 1) =   7 | Thread(0 1 2) =  36
0485 | Block(1 0 1) =   7 | Thread(1 1 2) =  37
0486 | Block(1 0 1) =   7 | Thread(2 1 2) =  38
0487 | Block(1 0 1) =   7 | Thread(3 1 2) =  39
0488 | Block(1 0 1) =   7 | Thread(0 2 2) =  40
0489 | Block(1 0 1) =   7 | Thread(1 2 2) =  41
0490 | Block(1 0 1) =   7 | Thread(2 2 2) =  42
0491 | Block(1 0 1) =   7 | Thread(3 2 2) =  43
0492 | Block(1 0 1) =   7 | Thread(0 3 2) =  44
0493 | Block(1 0 1) =   7 | Thread(1 3 2) =  45
0494 | Block(1 0 1) =   7 | Thread(2 3 2) =  46
0495 | Block(1 0 1) =   7 | Thread(3 3 2) =  47
0496 | Block(1 0 1) =   7 | Thread(0 0 3) =  48
0497 | Block(1 0 1) =   7 | Thread(1 0 3) =  49
0498 | Block(1 0 1) =   7 | Thread(2 0 3) =  50
0499 | Block(1 0 1) =   7 | Thread(3 0 3) =  51
0500 | Block(1 0 1) =   7 | Thread(0 1 3) =  52
0501 | Block(1 0 1) =   7 | Thread(1 1 3) =  53
0502 | Block(1 0 1) =   7 | Thread(2 1 3) =  54
0503 | Block(1 0 1) =   7 | Thread(3 1 3) =  55
0504 | Block(1 0 1) =   7 | Thread(0 2 3) =  56
0505 | Block(1 0 1) =   7 | Thread(1 2 3) =  57
0506 | Block(1 0 1) =   7 | Thread(2 2 3) =  58
0507 | Block(1 0 1) =   7 | Thread(3 2 3) =  59
0508 | Block(1 0 1) =   7 | Thread(0 3 3) =  60
0509 | Block(1 0 1) =   7 | Thread(1 3 3) =  61
0510 | Block(1 0 1) =   7 | Thread(2 3 3) =  62
0511 | Block(1 0 1) =   7 | Thread(3 3 3) =  63
1248 | Block(1 0 3) =  19 | Thread(0 0 2) =  32
1249 | Block(1 0 3) =  19 | Thread(1 0 2) =  33
1250 | Block(1 0 3) =  19 | Thread(2 0 2) =  34
1251 | Block(1 0 3) =  19 | Thread(3 0 2) =  35
1252 | Block(1 0 3) =  19 | Thread(0 1 2) =  36
1253 | Block(1 0 3) =  19 | Thread(1 1 2) =  37
1254 | Block(1 0 3) =  19 | Thread(2 1 2) =  38
1255 | Block(1 0 3) =  19 | Thread(3 1 2) =  39
1256 | Block(1 0 3) =  19 | Thread(0 2 2) =  40
1257 | Block(1 0 3) =  19 | Thread(1 2 2) =  41
1258 | Block(1 0 3) =  19 | Thread(2 2 2) =  42
1259 | Block(1 0 3) =  19 | Thread(3 2 2) =  43
1260 | Block(1 0 3) =  19 | Thread(0 3 2) =  44
1261 | Block(1 0 3) =  19 | Thread(1 3 2) =  45
1262 | Block(1 0 3) =  19 | Thread(2 3 2) =  46
1263 | Block(1 0 3) =  19 | Thread(3 3 2) =  47
1264 | Block(1 0 3) =  19 | Thread(0 0 3) =  48
1265 | Block(1 0 3) =  19 | Thread(1 0 3) =  49
1266 | Block(1 0 3) =  19 | Thread(2 0 3) =  50
1267 | Block(1 0 3) =  19 | Thread(3 0 3) =  51
1268 | Block(1 0 3) =  19 | Thread(0 1 3) =  52
1269 | Block(1 0 3) =  19 | Thread(1 1 3) =  53
1270 | Block(1 0 3) =  19 | Thread(2 1 3) =  54
1271 | Block(1 0 3) =  19 | Thread(3 1 3) =  55
1272 | Block(1 0 3) =  19 | Thread(0 2 3) =  56
1273 | Block(1 0 3) =  19 | Thread(1 2 3) =  57
1274 | Block(1 0 3) =  19 | Thread(2 2 3) =  58
1275 | Block(1 0 3) =  19 | Thread(3 2 3) =  59
1276 | Block(1 0 3) =  19 | Thread(0 3 3) =  60
1277 | Block(1 0 3) =  19 | Thread(1 3 3) =  61
1278 | Block(1 0 3) =  19 | Thread(2 3 3) =  62
1279 | Block(1 0 3) =  19 | Thread(3 3 3) =  63
0192 | Block(1 1 0) =   3 | Thread(0 0 0) =   0
0193 | Block(1 1 0) =   3 | Thread(1 0 0) =   1
0194 | Block(1 1 0) =   3 | Thread(2 0 0) =   2
0195 | Block(1 1 0) =   3 | Thread(3 0 0) =   3
0196 | Block(1 1 0) =   3 | Thread(0 1 0) =   4
0197 | Block(1 1 0) =   3 | Thread(1 1 0) =   5
0198 | Block(1 1 0) =   3 | Thread(2 1 0) =   6
0199 | Block(1 1 0) =   3 | Thread(3 1 0) =   7
0200 | Block(1 1 0) =   3 | Thread(0 2 0) =   8
0201 | Block(1 1 0) =   3 | Thread(1 2 0) =   9
0202 | Block(1 1 0) =   3 | Thread(2 2 0) =  10
0203 | Block(1 1 0) =   3 | Thread(3 2 0) =  11
0204 | Block(1 1 0) =   3 | Thread(0 3 0) =  12
0205 | Block(1 1 0) =   3 | Thread(1 3 0) =  13
0206 | Block(1 1 0) =   3 | Thread(2 3 0) =  14
0207 | Block(1 1 0) =   3 | Thread(3 3 0) =  15
0208 | Block(1 1 0) =   3 | Thread(0 0 1) =  16
0209 | Block(1 1 0) =   3 | Thread(1 0 1) =  17
0210 | Block(1 1 0) =   3 | Thread(2 0 1) =  18
0211 | Block(1 1 0) =   3 | Thread(3 0 1) =  19
0212 | Block(1 1 0) =   3 | Thread(0 1 1) =  20
0213 | Block(1 1 0) =   3 | Thread(1 1 1) =  21
0214 | Block(1 1 0) =   3 | Thread(2 1 1) =  22
0215 | Block(1 1 0) =   3 | Thread(3 1 1) =  23
0216 | Block(1 1 0) =   3 | Thread(0 2 1) =  24
0217 | Block(1 1 0) =   3 | Thread(1 2 1) =  25
0218 | Block(1 1 0) =   3 | Thread(2 2 1) =  26
0219 | Block(1 1 0) =   3 | Thread(3 2 1) =  27
0220 | Block(1 1 0) =   3 | Thread(0 3 1) =  28
0221 | Block(1 1 0) =   3 | Thread(1 3 1) =  29
0222 | Block(1 1 0) =   3 | Thread(2 3 1) =  30
0223 | Block(1 1 0) =   3 | Thread(3 3 1) =  31
0224 | Block(1 1 0) =   3 | Thread(0 0 2) =  32
0225 | Block(1 1 0) =   3 | Thread(1 0 2) =  33
0226 | Block(1 1 0) =   3 | Thread(2 0 2) =  34
0227 | Block(1 1 0) =   3 | Thread(3 0 2) =  35
0228 | Block(1 1 0) =   3 | Thread(0 1 2) =  36
0229 | Block(1 1 0) =   3 | Thread(1 1 2) =  37
0230 | Block(1 1 0) =   3 | Thread(2 1 2) =  38
0231 | Block(1 1 0) =   3 | Thread(3 1 2) =  39
0232 | Block(1 1 0) =   3 | Thread(0 2 2) =  40
0233 | Block(1 1 0) =   3 | Thread(1 2 2) =  41
0234 | Block(1 1 0) =   3 | Thread(2 2 2) =  42
0235 | Block(1 1 0) =   3 | Thread(3 2 2) =  43
0236 | Block(1 1 0) =   3 | Thread(0 3 2) =  44
0237 | Block(1 1 0) =   3 | Thread(1 3 2) =  45
0238 | Block(1 1 0) =   3 | Thread(2 3 2) =  46
0239 | Block(1 1 0) =   3 | Thread(3 3 2) =  47
0240 | Block(1 1 0) =   3 | Thread(0 0 3) =  48
0241 | Block(1 1 0) =   3 | Thread(1 0 3) =  49
0242 | Block(1 1 0) =   3 | Thread(2 0 3) =  50
0243 | Block(1 1 0) =   3 | Thread(3 0 3) =  51
0244 | Block(1 1 0) =   3 | Thread(0 1 3) =  52
0245 | Block(1 1 0) =   3 | Thread(1 1 3) =  53
0246 | Block(1 1 0) =   3 | Thread(2 1 3) =  54
0247 | Block(1 1 0) =   3 | Thread(3 1 3) =  55
0248 | Block(1 1 0) =   3 | Thread(0 2 3) =  56
0249 | Block(1 1 0) =   3 | Thread(1 2 3) =  57
0250 | Block(1 1 0) =   3 | Thread(2 2 3) =  58
0251 | Block(1 1 0) =   3 | Thread(3 2 3) =  59
0252 | Block(1 1 0) =   3 | Thread(0 3 3) =  60
0253 | Block(1 1 0) =   3 | Thread(1 3 3) =  61
0254 | Block(1 1 0) =   3 | Thread(2 3 3) =  62
0255 | Block(1 1 0) =   3 | Thread(3 3 3) =  63
1280 | Block(0 1 3) =  20 | Thread(0 0 0) =   0
1281 | Block(0 1 3) =  20 | Thread(1 0 0) =   1
1282 | Block(0 1 3) =  20 | Thread(2 0 0) =   2
1283 | Block(0 1 3) =  20 | Thread(3 0 0) =   3
1284 | Block(0 1 3) =  20 | Thread(0 1 0) =   4
1285 | Block(0 1 3) =  20 | Thread(1 1 0) =   5
1286 | Block(0 1 3) =  20 | Thread(2 1 0) =   6
1287 | Block(0 1 3) =  20 | Thread(3 1 0) =   7
1288 | Block(0 1 3) =  20 | Thread(0 2 0) =   8
1289 | Block(0 1 3) =  20 | Thread(1 2 0) =   9
1290 | Block(0 1 3) =  20 | Thread(2 2 0) =  10
1291 | Block(0 1 3) =  20 | Thread(3 2 0) =  11
1292 | Block(0 1 3) =  20 | Thread(0 3 0) =  12
1293 | Block(0 1 3) =  20 | Thread(1 3 0) =  13
1294 | Block(0 1 3) =  20 | Thread(2 3 0) =  14
1295 | Block(0 1 3) =  20 | Thread(3 3 0) =  15
1296 | Block(0 1 3) =  20 | Thread(0 0 1) =  16
1297 | Block(0 1 3) =  20 | Thread(1 0 1) =  17
1298 | Block(0 1 3) =  20 | Thread(2 0 1) =  18
1299 | Block(0 1 3) =  20 | Thread(3 0 1) =  19
1300 | Block(0 1 3) =  20 | Thread(0 1 1) =  20
1301 | Block(0 1 3) =  20 | Thread(1 1 1) =  21
1302 | Block(0 1 3) =  20 | Thread(2 1 1) =  22
1303 | Block(0 1 3) =  20 | Thread(3 1 1) =  23
1304 | Block(0 1 3) =  20 | Thread(0 2 1) =  24
1305 | Block(0 1 3) =  20 | Thread(1 2 1) =  25
1306 | Block(0 1 3) =  20 | Thread(2 2 1) =  26
1307 | Block(0 1 3) =  20 | Thread(3 2 1) =  27
1308 | Block(0 1 3) =  20 | Thread(0 3 1) =  28
1309 | Block(0 1 3) =  20 | Thread(1 3 1) =  29
1310 | Block(0 1 3) =  20 | Thread(2 3 1) =  30
1311 | Block(0 1 3) =  20 | Thread(3 3 1) =  31
1312 | Block(0 1 3) =  20 | Thread(0 0 2) =  32
1313 | Block(0 1 3) =  20 | Thread(1 0 2) =  33
1314 | Block(0 1 3) =  20 | Thread(2 0 2) =  34
1315 | Block(0 1 3) =  20 | Thread(3 0 2) =  35
1316 | Block(0 1 3) =  20 | Thread(0 1 2) =  36
1317 | Block(0 1 3) =  20 | Thread(1 1 2) =  37
1318 | Block(0 1 3) =  20 | Thread(2 1 2) =  38
1319 | Block(0 1 3) =  20 | Thread(3 1 2) =  39
1320 | Block(0 1 3) =  20 | Thread(0 2 2) =  40
1321 | Block(0 1 3) =  20 | Thread(1 2 2) =  41
1322 | Block(0 1 3) =  20 | Thread(2 2 2) =  42
1323 | Block(0 1 3) =  20 | Thread(3 2 2) =  43
1324 | Block(0 1 3) =  20 | Thread(0 3 2) =  44
1325 | Block(0 1 3) =  20 | Thread(1 3 2) =  45
1326 | Block(0 1 3) =  20 | Thread(2 3 2) =  46
1327 | Block(0 1 3) =  20 | Thread(3 3 2) =  47
1328 | Block(0 1 3) =  20 | Thread(0 0 3) =  48
1329 | Block(0 1 3) =  20 | Thread(1 0 3) =  49
1330 | Block(0 1 3) =  20 | Thread(2 0 3) =  50
1331 | Block(0 1 3) =  20 | Thread(3 0 3) =  51
1332 | Block(0 1 3) =  20 | Thread(0 1 3) =  52
1333 | Block(0 1 3) =  20 | Thread(1 1 3) =  53
1334 | Block(0 1 3) =  20 | Thread(2 1 3) =  54
1335 | Block(0 1 3) =  20 | Thread(3 1 3) =  55
1336 | Block(0 1 3) =  20 | Thread(0 2 3) =  56
1337 | Block(0 1 3) =  20 | Thread(1 2 3) =  57
1338 | Block(0 1 3) =  20 | Thread(2 2 3) =  58
1339 | Block(0 1 3) =  20 | Thread(3 2 3) =  59
1340 | Block(0 1 3) =  20 | Thread(0 3 3) =  60
1341 | Block(0 1 3) =  20 | Thread(1 3 3) =  61
1342 | Block(0 1 3) =  20 | Thread(2 3 3) =  62
1343 | Block(0 1 3) =  20 | Thread(3 3 3) =  63
1408 | Block(0 2 3) =  22 | Thread(0 0 0) =   0
1409 | Block(0 2 3) =  22 | Thread(1 0 0) =   1
1410 | Block(0 2 3) =  22 | Thread(2 0 0) =   2
1411 | Block(0 2 3) =  22 | Thread(3 0 0) =   3
1412 | Block(0 2 3) =  22 | Thread(0 1 0) =   4
1413 | Block(0 2 3) =  22 | Thread(1 1 0) =   5
1414 | Block(0 2 3) =  22 | Thread(2 1 0) =   6
1415 | Block(0 2 3) =  22 | Thread(3 1 0) =   7
1416 | Block(0 2 3) =  22 | Thread(0 2 0) =   8
1417 | Block(0 2 3) =  22 | Thread(1 2 0) =   9
1418 | Block(0 2 3) =  22 | Thread(2 2 0) =  10
1419 | Block(0 2 3) =  22 | Thread(3 2 0) =  11
1420 | Block(0 2 3) =  22 | Thread(0 3 0) =  12
1421 | Block(0 2 3) =  22 | Thread(1 3 0) =  13
1422 | Block(0 2 3) =  22 | Thread(2 3 0) =  14
1423 | Block(0 2 3) =  22 | Thread(3 3 0) =  15
1424 | Block(0 2 3) =  22 | Thread(0 0 1) =  16
1425 | Block(0 2 3) =  22 | Thread(1 0 1) =  17
1426 | Block(0 2 3) =  22 | Thread(2 0 1) =  18
1427 | Block(0 2 3) =  22 | Thread(3 0 1) =  19
1428 | Block(0 2 3) =  22 | Thread(0 1 1) =  20
1429 | Block(0 2 3) =  22 | Thread(1 1 1) =  21
1430 | Block(0 2 3) =  22 | Thread(2 1 1) =  22
1431 | Block(0 2 3) =  22 | Thread(3 1 1) =  23
1432 | Block(0 2 3) =  22 | Thread(0 2 1) =  24
1433 | Block(0 2 3) =  22 | Thread(1 2 1) =  25
1434 | Block(0 2 3) =  22 | Thread(2 2 1) =  26
1435 | Block(0 2 3) =  22 | Thread(3 2 1) =  27
1436 | Block(0 2 3) =  22 | Thread(0 3 1) =  28
1437 | Block(0 2 3) =  22 | Thread(1 3 1) =  29
1438 | Block(0 2 3) =  22 | Thread(2 3 1) =  30
1439 | Block(0 2 3) =  22 | Thread(3 3 1) =  31
1440 | Block(0 2 3) =  22 | Thread(0 0 2) =  32
1441 | Block(0 2 3) =  22 | Thread(1 0 2) =  33
1442 | Block(0 2 3) =  22 | Thread(2 0 2) =  34
1443 | Block(0 2 3) =  22 | Thread(3 0 2) =  35
1444 | Block(0 2 3) =  22 | Thread(0 1 2) =  36
1445 | Block(0 2 3) =  22 | Thread(1 1 2) =  37
1446 | Block(0 2 3) =  22 | Thread(2 1 2) =  38
1447 | Block(0 2 3) =  22 | Thread(3 1 2) =  39
1448 | Block(0 2 3) =  22 | Thread(0 2 2) =  40
1449 | Block(0 2 3) =  22 | Thread(1 2 2) =  41
1450 | Block(0 2 3) =  22 | Thread(2 2 2) =  42
1451 | Block(0 2 3) =  22 | Thread(3 2 2) =  43
1452 | Block(0 2 3) =  22 | Thread(0 3 2) =  44
1453 | Block(0 2 3) =  22 | Thread(1 3 2) =  45
1454 | Block(0 2 3) =  22 | Thread(2 3 2) =  46
1455 | Block(0 2 3) =  22 | Thread(3 3 2) =  47
1456 | Block(0 2 3) =  22 | Thread(0 0 3) =  48
1457 | Block(0 2 3) =  22 | Thread(1 0 3) =  49
1458 | Block(0 2 3) =  22 | Thread(2 0 3) =  50
1459 | Block(0 2 3) =  22 | Thread(3 0 3) =  51
1460 | Block(0 2 3) =  22 | Thread(0 1 3) =  52
1461 | Block(0 2 3) =  22 | Thread(1 1 3) =  53
1462 | Block(0 2 3) =  22 | Thread(2 1 3) =  54
1463 | Block(0 2 3) =  22 | Thread(3 1 3) =  55
1464 | Block(0 2 3) =  22 | Thread(0 2 3) =  56
1465 | Block(0 2 3) =  22 | Thread(1 2 3) =  57
1466 | Block(0 2 3) =  22 | Thread(2 2 3) =  58
1467 | Block(0 2 3) =  22 | Thread(3 2 3) =  59
1468 | Block(0 2 3) =  22 | Thread(0 3 3) =  60
1469 | Block(0 2 3) =  22 | Thread(1 3 3) =  61
1470 | Block(0 2 3) =  22 | Thread(2 3 3) =  62
1471 | Block(0 2 3) =  22 | Thread(3 3 3) =  63
0768 | Block(0 0 2) =  12 | Thread(0 0 0) =   0
0769 | Block(0 0 2) =  12 | Thread(1 0 0) =   1
0770 | Block(0 0 2) =  12 | Thread(2 0 0) =   2
0771 | Block(0 0 2) =  12 | Thread(3 0 0) =   3
0772 | Block(0 0 2) =  12 | Thread(0 1 0) =   4
0773 | Block(0 0 2) =  12 | Thread(1 1 0) =   5
0774 | Block(0 0 2) =  12 | Thread(2 1 0) =   6
0775 | Block(0 0 2) =  12 | Thread(3 1 0) =   7
0776 | Block(0 0 2) =  12 | Thread(0 2 0) =   8
0777 | Block(0 0 2) =  12 | Thread(1 2 0) =   9
0778 | Block(0 0 2) =  12 | Thread(2 2 0) =  10
0779 | Block(0 0 2) =  12 | Thread(3 2 0) =  11
0780 | Block(0 0 2) =  12 | Thread(0 3 0) =  12
0781 | Block(0 0 2) =  12 | Thread(1 3 0) =  13
0782 | Block(0 0 2) =  12 | Thread(2 3 0) =  14
0783 | Block(0 0 2) =  12 | Thread(3 3 0) =  15
0784 | Block(0 0 2) =  12 | Thread(0 0 1) =  16
0785 | Block(0 0 2) =  12 | Thread(1 0 1) =  17
0786 | Block(0 0 2) =  12 | Thread(2 0 1) =  18
0787 | Block(0 0 2) =  12 | Thread(3 0 1) =  19
0788 | Block(0 0 2) =  12 | Thread(0 1 1) =  20
0789 | Block(0 0 2) =  12 | Thread(1 1 1) =  21
0790 | Block(0 0 2) =  12 | Thread(2 1 1) =  22
0791 | Block(0 0 2) =  12 | Thread(3 1 1) =  23
0792 | Block(0 0 2) =  12 | Thread(0 2 1) =  24
0793 | Block(0 0 2) =  12 | Thread(1 2 1) =  25
0794 | Block(0 0 2) =  12 | Thread(2 2 1) =  26
0795 | Block(0 0 2) =  12 | Thread(3 2 1) =  27
0796 | Block(0 0 2) =  12 | Thread(0 3 1) =  28
0797 | Block(0 0 2) =  12 | Thread(1 3 1) =  29
0798 | Block(0 0 2) =  12 | Thread(2 3 1) =  30
0799 | Block(0 0 2) =  12 | Thread(3 3 1) =  31
0800 | Block(0 0 2) =  12 | Thread(0 0 2) =  32
0801 | Block(0 0 2) =  12 | Thread(1 0 2) =  33
0802 | Block(0 0 2) =  12 | Thread(2 0 2) =  34
0803 | Block(0 0 2) =  12 | Thread(3 0 2) =  35
0804 | Block(0 0 2) =  12 | Thread(0 1 2) =  36
0805 | Block(0 0 2) =  12 | Thread(1 1 2) =  37
0806 | Block(0 0 2) =  12 | Thread(2 1 2) =  38
0807 | Block(0 0 2) =  12 | Thread(3 1 2) =  39
0808 | Block(0 0 2) =  12 | Thread(0 2 2) =  40
0809 | Block(0 0 2) =  12 | Thread(1 2 2) =  41
0810 | Block(0 0 2) =  12 | Thread(2 2 2) =  42
0811 | Block(0 0 2) =  12 | Thread(3 2 2) =  43
0812 | Block(0 0 2) =  12 | Thread(0 3 2) =  44
0813 | Block(0 0 2) =  12 | Thread(1 3 2) =  45
0814 | Block(0 0 2) =  12 | Thread(2 3 2) =  46
0815 | Block(0 0 2) =  12 | Thread(3 3 2) =  47
0816 | Block(0 0 2) =  12 | Thread(0 0 3) =  48
0817 | Block(0 0 2) =  12 | Thread(1 0 3) =  49
0818 | Block(0 0 2) =  12 | Thread(2 0 3) =  50
0819 | Block(0 0 2) =  12 | Thread(3 0 3) =  51
0820 | Block(0 0 2) =  12 | Thread(0 1 3) =  52
0821 | Block(0 0 2) =  12 | Thread(1 1 3) =  53
0822 | Block(0 0 2) =  12 | Thread(2 1 3) =  54
0823 | Block(0 0 2) =  12 | Thread(3 1 3) =  55
0824 | Block(0 0 2) =  12 | Thread(0 2 3) =  56
0825 | Block(0 0 2) =  12 | Thread(1 2 3) =  57
0826 | Block(0 0 2) =  12 | Thread(2 2 3) =  58
0827 | Block(0 0 2) =  12 | Thread(3 2 3) =  59
0828 | Block(0 0 2) =  12 | Thread(0 3 3) =  60
0829 | Block(0 0 2) =  12 | Thread(1 3 3) =  61
0830 | Block(0 0 2) =  12 | Thread(2 3 3) =  62
0831 | Block(0 0 2) =  12 | Thread(3 3 3) =  63
0256 | Block(0 2 0) =   4 | Thread(0 0 0) =   0
0257 | Block(0 2 0) =   4 | Thread(1 0 0) =   1
0258 | Block(0 2 0) =   4 | Thread(2 0 0) =   2
0259 | Block(0 2 0) =   4 | Thread(3 0 0) =   3
0260 | Block(0 2 0) =   4 | Thread(0 1 0) =   4
0261 | Block(0 2 0) =   4 | Thread(1 1 0) =   5
0262 | Block(0 2 0) =   4 | Thread(2 1 0) =   6
0263 | Block(0 2 0) =   4 | Thread(3 1 0) =   7
0264 | Block(0 2 0) =   4 | Thread(0 2 0) =   8
0265 | Block(0 2 0) =   4 | Thread(1 2 0) =   9
0266 | Block(0 2 0) =   4 | Thread(2 2 0) =  10
0267 | Block(0 2 0) =   4 | Thread(3 2 0) =  11
0268 | Block(0 2 0) =   4 | Thread(0 3 0) =  12
0269 | Block(0 2 0) =   4 | Thread(1 3 0) =  13
0270 | Block(0 2 0) =   4 | Thread(2 3 0) =  14
0271 | Block(0 2 0) =   4 | Thread(3 3 0) =  15
0272 | Block(0 2 0) =   4 | Thread(0 0 1) =  16
0273 | Block(0 2 0) =   4 | Thread(1 0 1) =  17
0274 | Block(0 2 0) =   4 | Thread(2 0 1) =  18
0275 | Block(0 2 0) =   4 | Thread(3 0 1) =  19
0276 | Block(0 2 0) =   4 | Thread(0 1 1) =  20
0277 | Block(0 2 0) =   4 | Thread(1 1 1) =  21
0278 | Block(0 2 0) =   4 | Thread(2 1 1) =  22
0279 | Block(0 2 0) =   4 | Thread(3 1 1) =  23
0280 | Block(0 2 0) =   4 | Thread(0 2 1) =  24
0281 | Block(0 2 0) =   4 | Thread(1 2 1) =  25
0282 | Block(0 2 0) =   4 | Thread(2 2 1) =  26
0283 | Block(0 2 0) =   4 | Thread(3 2 1) =  27
0284 | Block(0 2 0) =   4 | Thread(0 3 1) =  28
0285 | Block(0 2 0) =   4 | Thread(1 3 1) =  29
0286 | Block(0 2 0) =   4 | Thread(2 3 1) =  30
0287 | Block(0 2 0) =   4 | Thread(3 3 1) =  31
0288 | Block(0 2 0) =   4 | Thread(0 0 2) =  32
0289 | Block(0 2 0) =   4 | Thread(1 0 2) =  33
0290 | Block(0 2 0) =   4 | Thread(2 0 2) =  34
0291 | Block(0 2 0) =   4 | Thread(3 0 2) =  35
0292 | Block(0 2 0) =   4 | Thread(0 1 2) =  36
0293 | Block(0 2 0) =   4 | Thread(1 1 2) =  37
0294 | Block(0 2 0) =   4 | Thread(2 1 2) =  38
0295 | Block(0 2 0) =   4 | Thread(3 1 2) =  39
0296 | Block(0 2 0) =   4 | Thread(0 2 2) =  40
0297 | Block(0 2 0) =   4 | Thread(1 2 2) =  41
0298 | Block(0 2 0) =   4 | Thread(2 2 2) =  42
0299 | Block(0 2 0) =   4 | Thread(3 2 2) =  43
0300 | Block(0 2 0) =   4 | Thread(0 3 2) =  44
0301 | Block(0 2 0) =   4 | Thread(1 3 2) =  45
0302 | Block(0 2 0) =   4 | Thread(2 3 2) =  46
0303 | Block(0 2 0) =   4 | Thread(3 3 2) =  47
0304 | Block(0 2 0) =   4 | Thread(0 0 3) =  48
0305 | Block(0 2 0) =   4 | Thread(1 0 3) =  49
0306 | Block(0 2 0) =   4 | Thread(2 0 3) =  50
0307 | Block(0 2 0) =   4 | Thread(3 0 3) =  51
0308 | Block(0 2 0) =   4 | Thread(0 1 3) =  52
0309 | Block(0 2 0) =   4 | Thread(1 1 3) =  53
0310 | Block(0 2 0) =   4 | Thread(2 1 3) =  54
0311 | Block(0 2 0) =   4 | Thread(3 1 3) =  55
0312 | Block(0 2 0) =   4 | Thread(0 2 3) =  56
0313 | Block(0 2 0) =   4 | Thread(1 2 3) =  57
0314 | Block(0 2 0) =   4 | Thread(2 2 3) =  58
0315 | Block(0 2 0) =   4 | Thread(3 2 3) =  59
0316 | Block(0 2 0) =   4 | Thread(0 3 3) =  60
0317 | Block(0 2 0) =   4 | Thread(1 3 3) =  61
0318 | Block(0 2 0) =   4 | Thread(2 3 3) =  62
0319 | Block(0 2 0) =   4 | Thread(3 3 3) =  63
1344 | Block(1 1 3) =  21 | Thread(0 0 0) =   0
1345 | Block(1 1 3) =  21 | Thread(1 0 0) =   1
1346 | Block(1 1 3) =  21 | Thread(2 0 0) =   2
1347 | Block(1 1 3) =  21 | Thread(3 0 0) =   3
1348 | Block(1 1 3) =  21 | Thread(0 1 0) =   4
1349 | Block(1 1 3) =  21 | Thread(1 1 0) =   5
1350 | Block(1 1 3) =  21 | Thread(2 1 0) =   6
1351 | Block(1 1 3) =  21 | Thread(3 1 0) =   7
1352 | Block(1 1 3) =  21 | Thread(0 2 0) =   8
1353 | Block(1 1 3) =  21 | Thread(1 2 0) =   9
1354 | Block(1 1 3) =  21 | Thread(2 2 0) =  10
1355 | Block(1 1 3) =  21 | Thread(3 2 0) =  11
1356 | Block(1 1 3) =  21 | Thread(0 3 0) =  12
1357 | Block(1 1 3) =  21 | Thread(1 3 0) =  13
1358 | Block(1 1 3) =  21 | Thread(2 3 0) =  14
1359 | Block(1 1 3) =  21 | Thread(3 3 0) =  15
1360 | Block(1 1 3) =  21 | Thread(0 0 1) =  16
1361 | Block(1 1 3) =  21 | Thread(1 0 1) =  17
1362 | Block(1 1 3) =  21 | Thread(2 0 1) =  18
1363 | Block(1 1 3) =  21 | Thread(3 0 1) =  19
1364 | Block(1 1 3) =  21 | Thread(0 1 1) =  20
1365 | Block(1 1 3) =  21 | Thread(1 1 1) =  21
1366 | Block(1 1 3) =  21 | Thread(2 1 1) =  22
1367 | Block(1 1 3) =  21 | Thread(3 1 1) =  23
1368 | Block(1 1 3) =  21 | Thread(0 2 1) =  24
1369 | Block(1 1 3) =  21 | Thread(1 2 1) =  25
1370 | Block(1 1 3) =  21 | Thread(2 2 1) =  26
1371 | Block(1 1 3) =  21 | Thread(3 2 1) =  27
1372 | Block(1 1 3) =  21 | Thread(0 3 1) =  28
1373 | Block(1 1 3) =  21 | Thread(1 3 1) =  29
1374 | Block(1 1 3) =  21 | Thread(2 3 1) =  30
1375 | Block(1 1 3) =  21 | Thread(3 3 1) =  31
1376 | Block(1 1 3) =  21 | Thread(0 0 2) =  32
1377 | Block(1 1 3) =  21 | Thread(1 0 2) =  33
1378 | Block(1 1 3) =  21 | Thread(2 0 2) =  34
1379 | Block(1 1 3) =  21 | Thread(3 0 2) =  35
1380 | Block(1 1 3) =  21 | Thread(0 1 2) =  36
1381 | Block(1 1 3) =  21 | Thread(1 1 2) =  37
1382 | Block(1 1 3) =  21 | Thread(2 1 2) =  38
1383 | Block(1 1 3) =  21 | Thread(3 1 2) =  39
1384 | Block(1 1 3) =  21 | Thread(0 2 2) =  40
1385 | Block(1 1 3) =  21 | Thread(1 2 2) =  41
1386 | Block(1 1 3) =  21 | Thread(2 2 2) =  42
1387 | Block(1 1 3) =  21 | Thread(3 2 2) =  43
1388 | Block(1 1 3) =  21 | Thread(0 3 2) =  44
1389 | Block(1 1 3) =  21 | Thread(1 3 2) =  45
1390 | Block(1 1 3) =  21 | Thread(2 3 2) =  46
1391 | Block(1 1 3) =  21 | Thread(3 3 2) =  47
1392 | Block(1 1 3) =  21 | Thread(0 0 3) =  48
1393 | Block(1 1 3) =  21 | Thread(1 0 3) =  49
1394 | Block(1 1 3) =  21 | Thread(2 0 3) =  50
1395 | Block(1 1 3) =  21 | Thread(3 0 3) =  51
1396 | Block(1 1 3) =  21 | Thread(0 1 3) =  52
1397 | Block(1 1 3) =  21 | Thread(1 1 3) =  53
1398 | Block(1 1 3) =  21 | Thread(2 1 3) =  54
1399 | Block(1 1 3) =  21 | Thread(3 1 3) =  55
1400 | Block(1 1 3) =  21 | Thread(0 2 3) =  56
1401 | Block(1 1 3) =  21 | Thread(1 2 3) =  57
1402 | Block(1 1 3) =  21 | Thread(2 2 3) =  58
1403 | Block(1 1 3) =  21 | Thread(3 2 3) =  59
1404 | Block(1 1 3) =  21 | Thread(0 3 3) =  60
1405 | Block(1 1 3) =  21 | Thread(1 3 3) =  61
1406 | Block(1 1 3) =  21 | Thread(2 3 3) =  62
1407 | Block(1 1 3) =  21 | Thread(3 3 3) =  63
0832 | Block(1 0 2) =  13 | Thread(0 0 0) =   0
0833 | Block(1 0 2) =  13 | Thread(1 0 0) =   1
0834 | Block(1 0 2) =  13 | Thread(2 0 0) =   2
0835 | Block(1 0 2) =  13 | Thread(3 0 0) =   3
0836 | Block(1 0 2) =  13 | Thread(0 1 0) =   4
0837 | Block(1 0 2) =  13 | Thread(1 1 0) =   5
0838 | Block(1 0 2) =  13 | Thread(2 1 0) =   6
0839 | Block(1 0 2) =  13 | Thread(3 1 0) =   7
0840 | Block(1 0 2) =  13 | Thread(0 2 0) =   8
0841 | Block(1 0 2) =  13 | Thread(1 2 0) =   9
0842 | Block(1 0 2) =  13 | Thread(2 2 0) =  10
0843 | Block(1 0 2) =  13 | Thread(3 2 0) =  11
0844 | Block(1 0 2) =  13 | Thread(0 3 0) =  12
0845 | Block(1 0 2) =  13 | Thread(1 3 0) =  13
0846 | Block(1 0 2) =  13 | Thread(2 3 0) =  14
0847 | Block(1 0 2) =  13 | Thread(3 3 0) =  15
0848 | Block(1 0 2) =  13 | Thread(0 0 1) =  16
0849 | Block(1 0 2) =  13 | Thread(1 0 1) =  17
0850 | Block(1 0 2) =  13 | Thread(2 0 1) =  18
0851 | Block(1 0 2) =  13 | Thread(3 0 1) =  19
0852 | Block(1 0 2) =  13 | Thread(0 1 1) =  20
0853 | Block(1 0 2) =  13 | Thread(1 1 1) =  21
0854 | Block(1 0 2) =  13 | Thread(2 1 1) =  22
0855 | Block(1 0 2) =  13 | Thread(3 1 1) =  23
0856 | Block(1 0 2) =  13 | Thread(0 2 1) =  24
0857 | Block(1 0 2) =  13 | Thread(1 2 1) =  25
0858 | Block(1 0 2) =  13 | Thread(2 2 1) =  26
0859 | Block(1 0 2) =  13 | Thread(3 2 1) =  27
0860 | Block(1 0 2) =  13 | Thread(0 3 1) =  28
0861 | Block(1 0 2) =  13 | Thread(1 3 1) =  29
0862 | Block(1 0 2) =  13 | Thread(2 3 1) =  30
0863 | Block(1 0 2) =  13 | Thread(3 3 1) =  31
0864 | Block(1 0 2) =  13 | Thread(0 0 2) =  32
0865 | Block(1 0 2) =  13 | Thread(1 0 2) =  33
0866 | Block(1 0 2) =  13 | Thread(2 0 2) =  34
0867 | Block(1 0 2) =  13 | Thread(3 0 2) =  35
0868 | Block(1 0 2) =  13 | Thread(0 1 2) =  36
0869 | Block(1 0 2) =  13 | Thread(1 1 2) =  37
0870 | Block(1 0 2) =  13 | Thread(2 1 2) =  38
0871 | Block(1 0 2) =  13 | Thread(3 1 2) =  39
0872 | Block(1 0 2) =  13 | Thread(0 2 2) =  40
0873 | Block(1 0 2) =  13 | Thread(1 2 2) =  41
0874 | Block(1 0 2) =  13 | Thread(2 2 2) =  42
0875 | Block(1 0 2) =  13 | Thread(3 2 2) =  43
0876 | Block(1 0 2) =  13 | Thread(0 3 2) =  44
0877 | Block(1 0 2) =  13 | Thread(1 3 2) =  45
0878 | Block(1 0 2) =  13 | Thread(2 3 2) =  46
0879 | Block(1 0 2) =  13 | Thread(3 3 2) =  47
0880 | Block(1 0 2) =  13 | Thread(0 0 3) =  48
0881 | Block(1 0 2) =  13 | Thread(1 0 3) =  49
0882 | Block(1 0 2) =  13 | Thread(2 0 3) =  50
0883 | Block(1 0 2) =  13 | Thread(3 0 3) =  51
0884 | Block(1 0 2) =  13 | Thread(0 1 3) =  52
0885 | Block(1 0 2) =  13 | Thread(1 1 3) =  53
0886 | Block(1 0 2) =  13 | Thread(2 1 3) =  54
0887 | Block(1 0 2) =  13 | Thread(3 1 3) =  55
0888 | Block(1 0 2) =  13 | Thread(0 2 3) =  56
0889 | Block(1 0 2) =  13 | Thread(1 2 3) =  57
0890 | Block(1 0 2) =  13 | Thread(2 2 3) =  58
0891 | Block(1 0 2) =  13 | Thread(3 2 3) =  59
0892 | Block(1 0 2) =  13 | Thread(0 3 3) =  60
0893 | Block(1 0 2) =  13 | Thread(1 3 3) =  61
0894 | Block(1 0 2) =  13 | Thread(2 3 3) =  62
0895 | Block(1 0 2) =  13 | Thread(3 3 3) =  63
0064 | Block(1 0 0) =   1 | Thread(0 0 0) =   0
0065 | Block(1 0 0) =   1 | Thread(1 0 0) =   1
0066 | Block(1 0 0) =   1 | Thread(2 0 0) =   2
0067 | Block(1 0 0) =   1 | Thread(3 0 0) =   3
0068 | Block(1 0 0) =   1 | Thread(0 1 0) =   4
0069 | Block(1 0 0) =   1 | Thread(1 1 0) =   5
0070 | Block(1 0 0) =   1 | Thread(2 1 0) =   6
0071 | Block(1 0 0) =   1 | Thread(3 1 0) =   7
0072 | Block(1 0 0) =   1 | Thread(0 2 0) =   8
0073 | Block(1 0 0) =   1 | Thread(1 2 0) =   9
0074 | Block(1 0 0) =   1 | Thread(2 2 0) =  10
0075 | Block(1 0 0) =   1 | Thread(3 2 0) =  11
0076 | Block(1 0 0) =   1 | Thread(0 3 0) =  12
0077 | Block(1 0 0) =   1 | Thread(1 3 0) =  13
0078 | Block(1 0 0) =   1 | Thread(2 3 0) =  14
0079 | Block(1 0 0) =   1 | Thread(3 3 0) =  15
0080 | Block(1 0 0) =   1 | Thread(0 0 1) =  16
0081 | Block(1 0 0) =   1 | Thread(1 0 1) =  17
0082 | Block(1 0 0) =   1 | Thread(2 0 1) =  18
0083 | Block(1 0 0) =   1 | Thread(3 0 1) =  19
0084 | Block(1 0 0) =   1 | Thread(0 1 1) =  20
0085 | Block(1 0 0) =   1 | Thread(1 1 1) =  21
0086 | Block(1 0 0) =   1 | Thread(2 1 1) =  22
0087 | Block(1 0 0) =   1 | Thread(3 1 1) =  23
0088 | Block(1 0 0) =   1 | Thread(0 2 1) =  24
0089 | Block(1 0 0) =   1 | Thread(1 2 1) =  25
0090 | Block(1 0 0) =   1 | Thread(2 2 1) =  26
0091 | Block(1 0 0) =   1 | Thread(3 2 1) =  27
0092 | Block(1 0 0) =   1 | Thread(0 3 1) =  28
0093 | Block(1 0 0) =   1 | Thread(1 3 1) =  29
0094 | Block(1 0 0) =   1 | Thread(2 3 1) =  30
0095 | Block(1 0 0) =   1 | Thread(3 3 1) =  31
0096 | Block(1 0 0) =   1 | Thread(0 0 2) =  32
0097 | Block(1 0 0) =   1 | Thread(1 0 2) =  33
0098 | Block(1 0 0) =   1 | Thread(2 0 2) =  34
0099 | Block(1 0 0) =   1 | Thread(3 0 2) =  35
0100 | Block(1 0 0) =   1 | Thread(0 1 2) =  36
0101 | Block(1 0 0) =   1 | Thread(1 1 2) =  37
0102 | Block(1 0 0) =   1 | Thread(2 1 2) =  38
0103 | Block(1 0 0) =   1 | Thread(3 1 2) =  39
0104 | Block(1 0 0) =   1 | Thread(0 2 2) =  40
0105 | Block(1 0 0) =   1 | Thread(1 2 2) =  41
0106 | Block(1 0 0) =   1 | Thread(2 2 2) =  42
0107 | Block(1 0 0) =   1 | Thread(3 2 2) =  43
0108 | Block(1 0 0) =   1 | Thread(0 3 2) =  44
0109 | Block(1 0 0) =   1 | Thread(1 3 2) =  45
0110 | Block(1 0 0) =   1 | Thread(2 3 2) =  46
0111 | Block(1 0 0) =   1 | Thread(3 3 2) =  47
0112 | Block(1 0 0) =   1 | Thread(0 0 3) =  48
0113 | Block(1 0 0) =   1 | Thread(1 0 3) =  49
0114 | Block(1 0 0) =   1 | Thread(2 0 3) =  50
0115 | Block(1 0 0) =   1 | Thread(3 0 3) =  51
0116 | Block(1 0 0) =   1 | Thread(0 1 3) =  52
0117 | Block(1 0 0) =   1 | Thread(1 1 3) =  53
0118 | Block(1 0 0) =   1 | Thread(2 1 3) =  54
0119 | Block(1 0 0) =   1 | Thread(3 1 3) =  55
0120 | Block(1 0 0) =   1 | Thread(0 2 3) =  56
0121 | Block(1 0 0) =   1 | Thread(1 2 3) =  57
0122 | Block(1 0 0) =   1 | Thread(2 2 3) =  58
0123 | Block(1 0 0) =   1 | Thread(3 2 3) =  59
0124 | Block(1 0 0) =   1 | Thread(0 3 3) =  60
0125 | Block(1 0 0) =   1 | Thread(1 3 3) =  61
0126 | Block(1 0 0) =   1 | Thread(2 3 3) =  62
0127 | Block(1 0 0) =   1 | Thread(3 3 3) =  63
0000 | Block(0 0 0) =   0 | Thread(0 0 0) =   0
0001 | Block(0 0 0) =   0 | Thread(1 0 0) =   1
0002 | Block(0 0 0) =   0 | Thread(2 0 0) =   2
0003 | Block(0 0 0) =   0 | Thread(3 0 0) =   3
0004 | Block(0 0 0) =   0 | Thread(0 1 0) =   4
0005 | Block(0 0 0) =   0 | Thread(1 1 0) =   5
0006 | Block(0 0 0) =   0 | Thread(2 1 0) =   6
0007 | Block(0 0 0) =   0 | Thread(3 1 0) =   7
0008 | Block(0 0 0) =   0 | Thread(0 2 0) =   8
0009 | Block(0 0 0) =   0 | Thread(1 2 0) =   9
0010 | Block(0 0 0) =   0 | Thread(2 2 0) =  10
0011 | Block(0 0 0) =   0 | Thread(3 2 0) =  11
0012 | Block(0 0 0) =   0 | Thread(0 3 0) =  12
0013 | Block(0 0 0) =   0 | Thread(1 3 0) =  13
0014 | Block(0 0 0) =   0 | Thread(2 3 0) =  14
0015 | Block(0 0 0) =   0 | Thread(3 3 0) =  15
0016 | Block(0 0 0) =   0 | Thread(0 0 1) =  16
0017 | Block(0 0 0) =   0 | Thread(1 0 1) =  17
0018 | Block(0 0 0) =   0 | Thread(2 0 1) =  18
0019 | Block(0 0 0) =   0 | Thread(3 0 1) =  19
0020 | Block(0 0 0) =   0 | Thread(0 1 1) =  20
0021 | Block(0 0 0) =   0 | Thread(1 1 1) =  21
0022 | Block(0 0 0) =   0 | Thread(2 1 1) =  22
0023 | Block(0 0 0) =   0 | Thread(3 1 1) =  23
0024 | Block(0 0 0) =   0 | Thread(0 2 1) =  24
0025 | Block(0 0 0) =   0 | Thread(1 2 1) =  25
0026 | Block(0 0 0) =   0 | Thread(2 2 1) =  26
0027 | Block(0 0 0) =   0 | Thread(3 2 1) =  27
0028 | Block(0 0 0) =   0 | Thread(0 3 1) =  28
0029 | Block(0 0 0) =   0 | Thread(1 3 1) =  29
0030 | Block(0 0 0) =   0 | Thread(2 3 1) =  30
0031 | Block(0 0 0) =   0 | Thread(3 3 1) =  31
0032 | Block(0 0 0) =   0 | Thread(0 0 2) =  32
0033 | Block(0 0 0) =   0 | Thread(1 0 2) =  33
0034 | Block(0 0 0) =   0 | Thread(2 0 2) =  34
0035 | Block(0 0 0) =   0 | Thread(3 0 2) =  35
0036 | Block(0 0 0) =   0 | Thread(0 1 2) =  36
0037 | Block(0 0 0) =   0 | Thread(1 1 2) =  37
0038 | Block(0 0 0) =   0 | Thread(2 1 2) =  38
0039 | Block(0 0 0) =   0 | Thread(3 1 2) =  39
0040 | Block(0 0 0) =   0 | Thread(0 2 2) =  40
0041 | Block(0 0 0) =   0 | Thread(1 2 2) =  41
0042 | Block(0 0 0) =   0 | Thread(2 2 2) =  42
0043 | Block(0 0 0) =   0 | Thread(3 2 2) =  43
0044 | Block(0 0 0) =   0 | Thread(0 3 2) =  44
0045 | Block(0 0 0) =   0 | Thread(1 3 2) =  45
0046 | Block(0 0 0) =   0 | Thread(2 3 2) =  46
0047 | Block(0 0 0) =   0 | Thread(3 3 2) =  47
0048 | Block(0 0 0) =   0 | Thread(0 0 3) =  48
0049 | Block(0 0 0) =   0 | Thread(1 0 3) =  49
0050 | Block(0 0 0) =   0 | Thread(2 0 3) =  50
0051 | Block(0 0 0) =   0 | Thread(3 0 3) =  51
0052 | Block(0 0 0) =   0 | Thread(0 1 3) =  52
0053 | Block(0 0 0) =   0 | Thread(1 1 3) =  53
0054 | Block(0 0 0) =   0 | Thread(2 1 3) =  54
0055 | Block(0 0 0) =   0 | Thread(3 1 3) =  55
0056 | Block(0 0 0) =   0 | Thread(0 2 3) =  56
0057 | Block(0 0 0) =   0 | Thread(1 2 3) =  57
0058 | Block(0 0 0) =   0 | Thread(2 2 3) =  58
0059 | Block(0 0 0) =   0 | Thread(3 2 3) =  59
0060 | Block(0 0 0) =   0 | Thread(0 3 3) =  60
0061 | Block(0 0 0) =   0 | Thread(1 3 3) =  61
0062 | Block(0 0 0) =   0 | Thread(2 3 3) =  62
0063 | Block(0 0 0) =   0 | Thread(3 3 3) =  63
0320 | Block(1 2 0) =   5 | Thread(0 0 0) =   0
0321 | Block(1 2 0) =   5 | Thread(1 0 0) =   1
0322 | Block(1 2 0) =   5 | Thread(2 0 0) =   2
0323 | Block(1 2 0) =   5 | Thread(3 0 0) =   3
0324 | Block(1 2 0) =   5 | Thread(0 1 0) =   4
0325 | Block(1 2 0) =   5 | Thread(1 1 0) =   5
0326 | Block(1 2 0) =   5 | Thread(2 1 0) =   6
0327 | Block(1 2 0) =   5 | Thread(3 1 0) =   7
0328 | Block(1 2 0) =   5 | Thread(0 2 0) =   8
0329 | Block(1 2 0) =   5 | Thread(1 2 0) =   9
0330 | Block(1 2 0) =   5 | Thread(2 2 0) =  10
0331 | Block(1 2 0) =   5 | Thread(3 2 0) =  11
0332 | Block(1 2 0) =   5 | Thread(0 3 0) =  12
0333 | Block(1 2 0) =   5 | Thread(1 3 0) =  13
0334 | Block(1 2 0) =   5 | Thread(2 3 0) =  14
0335 | Block(1 2 0) =   5 | Thread(3 3 0) =  15
0336 | Block(1 2 0) =   5 | Thread(0 0 1) =  16
0337 | Block(1 2 0) =   5 | Thread(1 0 1) =  17
0338 | Block(1 2 0) =   5 | Thread(2 0 1) =  18
0339 | Block(1 2 0) =   5 | Thread(3 0 1) =  19
0340 | Block(1 2 0) =   5 | Thread(0 1 1) =  20
0341 | Block(1 2 0) =   5 | Thread(1 1 1) =  21
0342 | Block(1 2 0) =   5 | Thread(2 1 1) =  22
0343 | Block(1 2 0) =   5 | Thread(3 1 1) =  23
0344 | Block(1 2 0) =   5 | Thread(0 2 1) =  24
0345 | Block(1 2 0) =   5 | Thread(1 2 1) =  25
0346 | Block(1 2 0) =   5 | Thread(2 2 1) =  26
0347 | Block(1 2 0) =   5 | Thread(3 2 1) =  27
0348 | Block(1 2 0) =   5 | Thread(0 3 1) =  28
0349 | Block(1 2 0) =   5 | Thread(1 3 1) =  29
0350 | Block(1 2 0) =   5 | Thread(2 3 1) =  30
0351 | Block(1 2 0) =   5 | Thread(3 3 1) =  31
0352 | Block(1 2 0) =   5 | Thread(0 0 2) =  32
0353 | Block(1 2 0) =   5 | Thread(1 0 2) =  33
0354 | Block(1 2 0) =   5 | Thread(2 0 2) =  34
0355 | Block(1 2 0) =   5 | Thread(3 0 2) =  35
0356 | Block(1 2 0) =   5 | Thread(0 1 2) =  36
0357 | Block(1 2 0) =   5 | Thread(1 1 2) =  37
0358 | Block(1 2 0) =   5 | Thread(2 1 2) =  38
0359 | Block(1 2 0) =   5 | Thread(3 1 2) =  39
0360 | Block(1 2 0) =   5 | Thread(0 2 2) =  40
0361 | Block(1 2 0) =   5 | Thread(1 2 2) =  41
0362 | Block(1 2 0) =   5 | Thread(2 2 2) =  42
0363 | Block(1 2 0) =   5 | Thread(3 2 2) =  43
0364 | Block(1 2 0) =   5 | Thread(0 3 2) =  44
0365 | Block(1 2 0) =   5 | Thread(1 3 2) =  45
0366 | Block(1 2 0) =   5 | Thread(2 3 2) =  46
0367 | Block(1 2 0) =   5 | Thread(3 3 2) =  47
0368 | Block(1 2 0) =   5 | Thread(0 0 3) =  48
0369 | Block(1 2 0) =   5 | Thread(1 0 3) =  49
0370 | Block(1 2 0) =   5 | Thread(2 0 3) =  50
0371 | Block(1 2 0) =   5 | Thread(3 0 3) =  51
0372 | Block(1 2 0) =   5 | Thread(0 1 3) =  52
0373 | Block(1 2 0) =   5 | Thread(1 1 3) =  53
0374 | Block(1 2 0) =   5 | Thread(2 1 3) =  54
0375 | Block(1 2 0) =   5 | Thread(3 1 3) =  55
0376 | Block(1 2 0) =   5 | Thread(0 2 3) =  56
0377 | Block(1 2 0) =   5 | Thread(1 2 3) =  57
0378 | Block(1 2 0) =   5 | Thread(2 2 3) =  58
0379 | Block(1 2 0) =   5 | Thread(3 2 3) =  59
0380 | Block(1 2 0) =   5 | Thread(0 3 3) =  60
0381 | Block(1 2 0) =   5 | Thread(1 3 3) =  61
0382 | Block(1 2 0) =   5 | Thread(2 3 3) =  62
0383 | Block(1 2 0) =   5 | Thread(3 3 3) =  63
0384 | Block(0 0 1) =   6 | Thread(0 0 0) =   0
0385 | Block(0 0 1) =   6 | Thread(1 0 0) =   1
0386 | Block(0 0 1) =   6 | Thread(2 0 0) =   2
0387 | Block(0 0 1) =   6 | Thread(3 0 0) =   3
0388 | Block(0 0 1) =   6 | Thread(0 1 0) =   4
0389 | Block(0 0 1) =   6 | Thread(1 1 0) =   5
0390 | Block(0 0 1) =   6 | Thread(2 1 0) =   6
0391 | Block(0 0 1) =   6 | Thread(3 1 0) =   7
0392 | Block(0 0 1) =   6 | Thread(0 2 0) =   8
0393 | Block(0 0 1) =   6 | Thread(1 2 0) =   9
0394 | Block(0 0 1) =   6 | Thread(2 2 0) =  10
0395 | Block(0 0 1) =   6 | Thread(3 2 0) =  11
0396 | Block(0 0 1) =   6 | Thread(0 3 0) =  12
0397 | Block(0 0 1) =   6 | Thread(1 3 0) =  13
0398 | Block(0 0 1) =   6 | Thread(2 3 0) =  14
0399 | Block(0 0 1) =   6 | Thread(3 3 0) =  15
0400 | Block(0 0 1) =   6 | Thread(0 0 1) =  16
0401 | Block(0 0 1) =   6 | Thread(1 0 1) =  17
0402 | Block(0 0 1) =   6 | Thread(2 0 1) =  18
0403 | Block(0 0 1) =   6 | Thread(3 0 1) =  19
0404 | Block(0 0 1) =   6 | Thread(0 1 1) =  20
0405 | Block(0 0 1) =   6 | Thread(1 1 1) =  21
0406 | Block(0 0 1) =   6 | Thread(2 1 1) =  22
0407 | Block(0 0 1) =   6 | Thread(3 1 1) =  23
0408 | Block(0 0 1) =   6 | Thread(0 2 1) =  24
0409 | Block(0 0 1) =   6 | Thread(1 2 1) =  25
0410 | Block(0 0 1) =   6 | Thread(2 2 1) =  26
0411 | Block(0 0 1) =   6 | Thread(3 2 1) =  27
0412 | Block(0 0 1) =   6 | Thread(0 3 1) =  28
0413 | Block(0 0 1) =   6 | Thread(1 3 1) =  29
0414 | Block(0 0 1) =   6 | Thread(2 3 1) =  30
0415 | Block(0 0 1) =   6 | Thread(3 3 1) =  31
0416 | Block(0 0 1) =   6 | Thread(0 0 2) =  32
0417 | Block(0 0 1) =   6 | Thread(1 0 2) =  33
0418 | Block(0 0 1) =   6 | Thread(2 0 2) =  34
0419 | Block(0 0 1) =   6 | Thread(3 0 2) =  35
0420 | Block(0 0 1) =   6 | Thread(0 1 2) =  36
0421 | Block(0 0 1) =   6 | Thread(1 1 2) =  37
0422 | Block(0 0 1) =   6 | Thread(2 1 2) =  38
0423 | Block(0 0 1) =   6 | Thread(3 1 2) =  39
0424 | Block(0 0 1) =   6 | Thread(0 2 2) =  40
0425 | Block(0 0 1) =   6 | Thread(1 2 2) =  41
0426 | Block(0 0 1) =   6 | Thread(2 2 2) =  42
0427 | Block(0 0 1) =   6 | Thread(3 2 2) =  43
0428 | Block(0 0 1) =   6 | Thread(0 3 2) =  44
0429 | Block(0 0 1) =   6 | Thread(1 3 2) =  45
0430 | Block(0 0 1) =   6 | Thread(2 3 2) =  46
0431 | Block(0 0 1) =   6 | Thread(3 3 2) =  47
0432 | Block(0 0 1) =   6 | Thread(0 0 3) =  48
0433 | Block(0 0 1) =   6 | Thread(1 0 3) =  49
0434 | Block(0 0 1) =   6 | Thread(2 0 3) =  50
0435 | Block(0 0 1) =   6 | Thread(3 0 3) =  51
0436 | Block(0 0 1) =   6 | Thread(0 1 3) =  52
0437 | Block(0 0 1) =   6 | Thread(1 1 3) =  53
0438 | Block(0 0 1) =   6 | Thread(2 1 3) =  54
0439 | Block(0 0 1) =   6 | Thread(3 1 3) =  55
0440 | Block(0 0 1) =   6 | Thread(0 2 3) =  56
0441 | Block(0 0 1) =   6 | Thread(1 2 3) =  57
0442 | Block(0 0 1) =   6 | Thread(2 2 3) =  58
0443 | Block(0 0 1) =   6 | Thread(3 2 3) =  59
0444 | Block(0 0 1) =   6 | Thread(0 3 3) =  60
0445 | Block(0 0 1) =   6 | Thread(1 3 3) =  61
0446 | Block(0 0 1) =   6 | Thread(2 3 3) =  62
0447 | Block(0 0 1) =   6 | Thread(3 3 3) =  63
